<?xml version="1.0" encoding="UTF-8"?>
<robot generator="Robot 5.0.1 (Python 3.10.7 on win32)" generated="20230416 01:24:52.565" rpa="false" schemaversion="3">
<suite id="s1" name="Plant" source="C:\Users\richa\CWI\RobotAppium\plant.robot">
<test id="s1-t1" name="Open Flower App" line="12">
<kw name="Capalibities" library="help">
<kw name="Open Application" library="AppiumLibrary">
<arg>http://localhost:4723/wd/hub</arg>
<arg>automationName=UiAutomator2</arg>
<arg>platformName=Android</arg>
<arg>deviceName=S22 Ultra</arg>
<arg>app=${EXECDIR}/app/sunflower.apk</arg>
<arg>udid=RQCT603LNRF</arg>
<doc>Opens a new application to given Appium server.
Capabilities of appium server, Android and iOS,
Please check https://github.com/appium/appium/blob/master/docs/en/writing-running-appium/server-args.md
| *Option*            | *Man.* | *Description*     |
| remote_url          | Yes    | Appium server url |
| alias               | no     | alias             |
| strict_ssl          | No     | allows you to send commands to an invalid certificate host like a self-signed one. |</doc>
<status status="PASS" starttime="20230416 01:24:52.956" endtime="20230416 01:25:04.458"/>
</kw>
<status status="PASS" starttime="20230416 01:24:52.956" endtime="20230416 01:25:04.458"/>
</kw>
<status status="PASS" starttime="20230416 01:24:52.956" endtime="20230416 01:25:04.459"/>
</test>
<test id="s1-t2" name="Validate Screen My Garden" line="15">
<kw name="Validate My Garden" library="myGargen">
<kw name="Element Should Be Visible" library="AppiumLibrary">
<arg>${title_sunflower}</arg>
<doc>Verifies that element identified with locator is visible.</doc>
<msg timestamp="20230416 01:25:04.602" level="INFO">xpath criteria: //android.widget.TextView[@text="Sunflower"]</msg>
<status status="PASS" starttime="20230416 01:25:04.462" endtime="20230416 01:25:04.603"/>
</kw>
<kw name="Element Should Be Visible" library="AppiumLibrary">
<arg>${img_myGarden}</arg>
<doc>Verifies that element identified with locator is visible.</doc>
<msg timestamp="20230416 01:25:04.655" level="INFO">xpath criteria: //android.widget.LinearLayout[@content-desc="My garden"]/android.widget.ImageView</msg>
<status status="PASS" starttime="20230416 01:25:04.603" endtime="20230416 01:25:04.655"/>
</kw>
<kw name="Element Should Be Visible" library="AppiumLibrary">
<arg>${txt_myGarden}</arg>
<doc>Verifies that element identified with locator is visible.</doc>
<msg timestamp="20230416 01:25:04.701" level="INFO">xpath criteria: //android.widget.TextView[@text="MY GARDEN"]</msg>
<status status="PASS" starttime="20230416 01:25:04.655" endtime="20230416 01:25:04.701"/>
</kw>
<kw name="Element Should Be Visible" library="AppiumLibrary">
<arg>${img_plantList}</arg>
<doc>Verifies that element identified with locator is visible.</doc>
<msg timestamp="20230416 01:25:04.748" level="INFO">xpath criteria: //android.widget.LinearLayout[@content-desc="Plant list"]/android.widget.ImageView</msg>
<status status="PASS" starttime="20230416 01:25:04.702" endtime="20230416 01:25:04.748"/>
</kw>
<kw name="Element Should Be Visible" library="AppiumLibrary">
<arg>${txt_plantList}</arg>
<doc>Verifies that element identified with locator is visible.</doc>
<msg timestamp="20230416 01:25:04.792" level="INFO">xpath criteria: //android.widget.TextView[@text="PLANT LIST"]</msg>
<status status="PASS" starttime="20230416 01:25:04.748" endtime="20230416 01:25:04.793"/>
</kw>
<kw name="Element Should Be Visible" library="AppiumLibrary">
<arg>${txt_emptyGarden}</arg>
<arg>timeout=1</arg>
<doc>Verifies that element identified with locator is visible.</doc>
<msg timestamp="20230416 01:25:04.838" level="INFO">xpath criteria: //android.widget.TextView[@text="Your garden is empty"]</msg>
<status status="PASS" starttime="20230416 01:25:04.793" endtime="20230416 01:25:04.838"/>
</kw>
<kw name="Element Should Be Visible" library="AppiumLibrary">
<arg>${btn_addPlant}</arg>
<doc>Verifies that element identified with locator is visible.</doc>
<msg timestamp="20230416 01:25:04.869" level="INFO">criteria is com.google.samples.apps.sunflower:id/add_plant</msg>
<status status="PASS" starttime="20230416 01:25:04.838" endtime="20230416 01:25:04.869"/>
</kw>
<kw name="Click Element" library="AppiumLibrary">
<arg>${btn_addPlant}</arg>
<doc>Click element identified by `locator`.</doc>
<msg timestamp="20230416 01:25:04.872" level="INFO">Clicking element 'id=com.google.samples.apps.sunflower:id/add_plant'.</msg>
<msg timestamp="20230416 01:25:04.944" level="INFO">criteria is com.google.samples.apps.sunflower:id/add_plant</msg>
<status status="PASS" starttime="20230416 01:25:04.869" endtime="20230416 01:25:04.944"/>
</kw>
<status status="PASS" starttime="20230416 01:25:04.462" endtime="20230416 01:25:04.944"/>
</kw>
<status status="PASS" starttime="20230416 01:25:04.461" endtime="20230416 01:25:04.945"/>
</test>
<test id="s1-t3" name="Validate Screen Plant List" line="18">
<kw name="Validate Plant List" library="plantList">
<kw name="Wait Until Element Is Visible" library="AppiumLibrary">
<arg>${apple_seed}</arg>
<doc>Waits until element specified with `locator` is visible.</doc>
<msg timestamp="20230416 01:25:05.851" level="INFO">xpath criteria: //android.widget.TextView[@text="Apple"]</msg>
<status status="PASS" starttime="20230416 01:25:04.949" endtime="20230416 01:25:05.851"/>
</kw>
<kw name="Wait Until Element Is Visible" library="AppiumLibrary">
<arg>${avocado_seed}</arg>
<doc>Waits until element specified with `locator` is visible.</doc>
<msg timestamp="20230416 01:25:05.943" level="INFO">xpath criteria: //android.widget.TextView[@text="Avocado"]</msg>
<status status="PASS" starttime="20230416 01:25:05.851" endtime="20230416 01:25:05.943"/>
</kw>
<kw name="Wait Until Element Is Visible" library="AppiumLibrary">
<arg>${beet_seed}</arg>
<doc>Waits until element specified with `locator` is visible.</doc>
<msg timestamp="20230416 01:25:06.039" level="INFO">xpath criteria: //android.widget.TextView[@text="Beet"]</msg>
<status status="PASS" starttime="20230416 01:25:05.943" endtime="20230416 01:25:06.039"/>
</kw>
<kw name="Wait Until Element Is Visible" library="AppiumLibrary">
<arg>${bougainvillea_seed}</arg>
<doc>Waits until element specified with `locator` is visible.</doc>
<msg timestamp="20230416 01:25:06.145" level="INFO">xpath criteria: //android.widget.TextView[@text="Bougainvillea"]</msg>
<status status="PASS" starttime="20230416 01:25:06.040" endtime="20230416 01:25:06.145"/>
</kw>
<kw name="Wait Until Element Is Visible" library="AppiumLibrary">
<arg>${cilantro_seed}</arg>
<doc>Waits until element specified with `locator` is visible.</doc>
<msg timestamp="20230416 01:25:06.242" level="INFO">xpath criteria: //android.widget.TextView[@text="Cilantro"]</msg>
<status status="PASS" starttime="20230416 01:25:06.145" endtime="20230416 01:25:06.243"/>
</kw>
<kw name="Wait Until Element Is Visible" library="AppiumLibrary">
<arg>${eggplant_seed}</arg>
<doc>Waits until element specified with `locator` is visible.</doc>
<msg timestamp="20230416 01:25:06.340" level="INFO">xpath criteria: //android.widget.TextView[@text="Eggplant"]</msg>
<status status="PASS" starttime="20230416 01:25:06.243" endtime="20230416 01:25:06.340"/>
</kw>
<kw name="Wait Until Element Is Visible" library="AppiumLibrary">
<arg>${grape_seed}</arg>
<doc>Waits until element specified with `locator` is visible.</doc>
<msg timestamp="20230416 01:25:06.439" level="INFO">xpath criteria: //android.widget.TextView[@text="Grape"]</msg>
<status status="PASS" starttime="20230416 01:25:06.341" endtime="20230416 01:25:06.439"/>
</kw>
<kw name="Wait Until Element Is Visible" library="AppiumLibrary">
<arg>${hibiscus_seed}</arg>
<doc>Waits until element specified with `locator` is visible.</doc>
<msg timestamp="20230416 01:25:06.529" level="INFO">xpath criteria: //android.widget.TextView[@text="Hibiscus"]</msg>
<status status="PASS" starttime="20230416 01:25:06.440" endtime="20230416 01:25:06.529"/>
</kw>
<status status="PASS" starttime="20230416 01:25:04.948" endtime="20230416 01:25:06.529"/>
</kw>
<kw name="Scroll Down" library="plantList">
<kw name="Wait Until Page Contains Element" library="AppiumLibrary">
<arg>${screenPlantList}</arg>
<doc>Waits until element specified with `locator` appears on current page.</doc>
<msg timestamp="20230416 01:25:06.558" level="INFO">criteria is com.google.samples.apps.sunflower:id/plant_list</msg>
<status status="PASS" starttime="20230416 01:25:06.530" endtime="20230416 01:25:06.558"/>
</kw>
<kw name="Get Element Size" library="AppiumLibrary">
<var>${element_size}</var>
<arg>${screenPlantList}</arg>
<doc>Get element size</doc>
<msg timestamp="20230416 01:25:06.618" level="INFO">Element 'id=com.google.samples.apps.sunflower:id/plant_list' size: {'height': 2412, 'width': 1440} </msg>
<msg timestamp="20230416 01:25:06.619" level="INFO">criteria is com.google.samples.apps.sunflower:id/plant_list</msg>
<msg timestamp="20230416 01:25:06.619" level="INFO">${element_size} = {'height': 2412, 'width': 1440}</msg>
<status status="PASS" starttime="20230416 01:25:06.558" endtime="20230416 01:25:06.619"/>
</kw>
<kw name="Get Element Location" library="AppiumLibrary">
<var>${element_location}</var>
<arg>${screenPlantList}</arg>
<doc>Get element location</doc>
<msg timestamp="20230416 01:25:06.681" level="INFO">Element 'id=com.google.samples.apps.sunflower:id/plant_list' location: {'x': 0, 'y': 520} </msg>
<msg timestamp="20230416 01:25:06.681" level="INFO">criteria is com.google.samples.apps.sunflower:id/plant_list</msg>
<msg timestamp="20230416 01:25:06.681" level="INFO">${element_location} = {'x': 0, 'y': 520}</msg>
<status status="PASS" starttime="20230416 01:25:06.619" endtime="20230416 01:25:06.681"/>
</kw>
<kw name="Evaluate" library="BuiltIn">
<var>${start_x}</var>
<arg>${element_location['x']} + (${element_size['width']} * 0.5)</arg>
<doc>Evaluates the given expression in Python and returns the result.</doc>
<msg timestamp="20230416 01:25:06.685" level="INFO">${start_x} = 720.0</msg>
<status status="PASS" starttime="20230416 01:25:06.682" endtime="20230416 01:25:06.685"/>
</kw>
<kw name="Evaluate" library="BuiltIn">
<var>${start_y}</var>
<arg>${element_location['y']} + (${element_size['height']} * 0.9)</arg>
<doc>Evaluates the given expression in Python and returns the result.</doc>
<msg timestamp="20230416 01:25:06.687" level="INFO">${start_y} = 2690.8</msg>
<status status="PASS" starttime="20230416 01:25:06.685" endtime="20230416 01:25:06.687"/>
</kw>
<kw name="Evaluate" library="BuiltIn">
<var>${end_x}</var>
<arg>${element_location['x']} + (${element_size['width']} * 0.5)</arg>
<doc>Evaluates the given expression in Python and returns the result.</doc>
<msg timestamp="20230416 01:25:06.689" level="INFO">${end_x} = 720.0</msg>
<status status="PASS" starttime="20230416 01:25:06.688" endtime="20230416 01:25:06.689"/>
</kw>
<kw name="Evaluate" library="BuiltIn">
<var>${end_y}</var>
<arg>${element_location['y']} + (${element_size['height']} * 0.3)</arg>
<doc>Evaluates the given expression in Python and returns the result.</doc>
<msg timestamp="20230416 01:25:06.691" level="INFO">${end_y} = 1243.6</msg>
<status status="PASS" starttime="20230416 01:25:06.689" endtime="20230416 01:25:06.691"/>
</kw>
<kw name="Swipe" library="AppiumLibrary">
<arg>${start_x}</arg>
<arg>${start_y}</arg>
<arg>${end_x}</arg>
<arg>${end_y}</arg>
<arg>500</arg>
<doc>Swipe from one point to another point, for an optional duration.</doc>
<status status="PASS" starttime="20230416 01:25:06.691" endtime="20230416 01:25:07.499"/>
</kw>
<status status="PASS" starttime="20230416 01:25:06.530" endtime="20230416 01:25:07.499"/>
</kw>
<kw name="Validate Plant List ScrollOne" library="plantList">
<kw name="Wait Until Element Is Visible" library="AppiumLibrary">
<arg>${mango_seed}</arg>
<doc>Waits until element specified with `locator` is visible.</doc>
<msg timestamp="20230416 01:25:11.026" level="INFO">xpath criteria: //android.widget.TextView[@text="Mango"]</msg>
<status status="PASS" starttime="20230416 01:25:07.500" endtime="20230416 01:25:11.026"/>
</kw>
<kw name="Wait Until Element Is Visible" library="AppiumLibrary">
<arg>${orange_seed}</arg>
<doc>Waits until element specified with `locator` is visible.</doc>
<msg timestamp="20230416 01:25:11.135" level="INFO">xpath criteria: //android.widget.TextView[@text="Orange"]</msg>
<status status="PASS" starttime="20230416 01:25:11.026" endtime="20230416 01:25:11.135"/>
</kw>
<kw name="Wait Until Element Is Visible" library="AppiumLibrary">
<arg>${pear_seed}</arg>
<doc>Waits until element specified with `locator` is visible.</doc>
<msg timestamp="20230416 01:25:12.245" level="INFO">xpath criteria: //android.widget.TextView[@text="Pear"]</msg>
<status status="PASS" starttime="20230416 01:25:11.135" endtime="20230416 01:25:12.245"/>
</kw>
<kw name="Wait Until Element Is Visible" library="AppiumLibrary">
<arg>${pinkWiteLadysSliper_seed}</arg>
<doc>Waits until element specified with `locator` is visible.</doc>
<msg timestamp="20230416 01:25:12.323" level="INFO">xpath criteria: //android.widget.TextView[@text="Pink &amp; White Lady's Slipper"]</msg>
<status status="PASS" starttime="20230416 01:25:12.245" endtime="20230416 01:25:12.323"/>
</kw>
<kw name="Wait Until Element Is Visible" library="AppiumLibrary">
<arg>${rockyMountainColumbine_seed}</arg>
<doc>Waits until element specified with `locator` is visible.</doc>
<msg timestamp="20230416 01:25:12.417" level="INFO">xpath criteria: //android.widget.TextView[@text="Rocky Mountain Columbine"]</msg>
<status status="PASS" starttime="20230416 01:25:12.323" endtime="20230416 01:25:12.417"/>
</kw>
<kw name="Wait Until Element Is Visible" library="AppiumLibrary">
<arg>${sunflower_seed}</arg>
<doc>Waits until element specified with `locator` is visible.</doc>
<msg timestamp="20230416 01:25:12.502" level="INFO">xpath criteria: //android.widget.TextView[@text="Sunflower"]</msg>
<status status="PASS" starttime="20230416 01:25:12.417" endtime="20230416 01:25:12.502"/>
</kw>
<status status="PASS" starttime="20230416 01:25:07.500" endtime="20230416 01:25:12.502"/>
</kw>
<kw name="Scroll Down" library="plantList">
<kw name="Wait Until Page Contains Element" library="AppiumLibrary">
<arg>${screenPlantList}</arg>
<doc>Waits until element specified with `locator` appears on current page.</doc>
<msg timestamp="20230416 01:25:12.587" level="INFO">criteria is com.google.samples.apps.sunflower:id/plant_list</msg>
<status status="PASS" starttime="20230416 01:25:12.503" endtime="20230416 01:25:12.587"/>
</kw>
<kw name="Get Element Size" library="AppiumLibrary">
<var>${element_size}</var>
<arg>${screenPlantList}</arg>
<doc>Get element size</doc>
<msg timestamp="20230416 01:25:12.709" level="INFO">Element 'id=com.google.samples.apps.sunflower:id/plant_list' size: {'height': 2622, 'width': 1440} </msg>
<msg timestamp="20230416 01:25:12.709" level="INFO">criteria is com.google.samples.apps.sunflower:id/plant_list</msg>
<msg timestamp="20230416 01:25:12.709" level="INFO">${element_size} = {'height': 2622, 'width': 1440}</msg>
<status status="PASS" starttime="20230416 01:25:12.587" endtime="20230416 01:25:12.710"/>
</kw>
<kw name="Get Element Location" library="AppiumLibrary">
<var>${element_location}</var>
<arg>${screenPlantList}</arg>
<doc>Get element location</doc>
<msg timestamp="20230416 01:25:12.776" level="INFO">Element 'id=com.google.samples.apps.sunflower:id/plant_list' location: {'x': 0, 'y': 310} </msg>
<msg timestamp="20230416 01:25:12.776" level="INFO">criteria is com.google.samples.apps.sunflower:id/plant_list</msg>
<msg timestamp="20230416 01:25:12.776" level="INFO">${element_location} = {'x': 0, 'y': 310}</msg>
<status status="PASS" starttime="20230416 01:25:12.710" endtime="20230416 01:25:12.776"/>
</kw>
<kw name="Evaluate" library="BuiltIn">
<var>${start_x}</var>
<arg>${element_location['x']} + (${element_size['width']} * 0.5)</arg>
<doc>Evaluates the given expression in Python and returns the result.</doc>
<msg timestamp="20230416 01:25:12.778" level="INFO">${start_x} = 720.0</msg>
<status status="PASS" starttime="20230416 01:25:12.777" endtime="20230416 01:25:12.779"/>
</kw>
<kw name="Evaluate" library="BuiltIn">
<var>${start_y}</var>
<arg>${element_location['y']} + (${element_size['height']} * 0.9)</arg>
<doc>Evaluates the given expression in Python and returns the result.</doc>
<msg timestamp="20230416 01:25:12.782" level="INFO">${start_y} = 2669.8</msg>
<status status="PASS" starttime="20230416 01:25:12.779" endtime="20230416 01:25:12.782"/>
</kw>
<kw name="Evaluate" library="BuiltIn">
<var>${end_x}</var>
<arg>${element_location['x']} + (${element_size['width']} * 0.5)</arg>
<doc>Evaluates the given expression in Python and returns the result.</doc>
<msg timestamp="20230416 01:25:12.786" level="INFO">${end_x} = 720.0</msg>
<status status="PASS" starttime="20230416 01:25:12.783" endtime="20230416 01:25:12.786"/>
</kw>
<kw name="Evaluate" library="BuiltIn">
<var>${end_y}</var>
<arg>${element_location['y']} + (${element_size['height']} * 0.3)</arg>
<doc>Evaluates the given expression in Python and returns the result.</doc>
<msg timestamp="20230416 01:25:12.788" level="INFO">${end_y} = 1096.6</msg>
<status status="PASS" starttime="20230416 01:25:12.786" endtime="20230416 01:25:12.788"/>
</kw>
<kw name="Swipe" library="AppiumLibrary">
<arg>${start_x}</arg>
<arg>${start_y}</arg>
<arg>${end_x}</arg>
<arg>${end_y}</arg>
<arg>500</arg>
<doc>Swipe from one point to another point, for an optional duration.</doc>
<status status="PASS" starttime="20230416 01:25:12.788" endtime="20230416 01:25:13.594"/>
</kw>
<status status="PASS" starttime="20230416 01:25:12.503" endtime="20230416 01:25:13.594"/>
</kw>
<kw name="Validate Plant List ScrollTwo" library="plantList">
<kw name="Wait Until Element Is Visible" library="AppiumLibrary">
<arg>${tomato_seed}</arg>
<doc>Waits until element specified with `locator` is visible.</doc>
<msg timestamp="20230416 01:25:14.184" level="INFO">xpath criteria: //android.widget.TextView[@text="Tomato"]</msg>
<status status="PASS" starttime="20230416 01:25:13.595" endtime="20230416 01:25:14.184"/>
</kw>
<kw name="Wait Until Element Is Visible" library="AppiumLibrary">
<arg>${watermelon_seed}</arg>
<doc>Waits until element specified with `locator` is visible.</doc>
<msg timestamp="20230416 01:25:14.246" level="INFO">xpath criteria: //android.widget.TextView[@text="Watermelon"]</msg>
<status status="PASS" starttime="20230416 01:25:14.184" endtime="20230416 01:25:14.246"/>
</kw>
<kw name="Wait Until Element Is Visible" library="AppiumLibrary">
<arg>${yulanMagnolia_seed}</arg>
<doc>Waits until element specified with `locator` is visible.</doc>
<msg timestamp="20230416 01:25:14.293" level="INFO">xpath criteria: //android.widget.TextView[@text="Yulan Magnolia"]</msg>
<status status="PASS" starttime="20230416 01:25:14.246" endtime="20230416 01:25:14.293"/>
</kw>
<status status="PASS" starttime="20230416 01:25:13.595" endtime="20230416 01:25:14.293"/>
</kw>
<kw name="Sleep" library="BuiltIn">
<arg>2</arg>
<doc>Pauses the test executed for the given time.</doc>
<msg timestamp="20230416 01:25:16.298" level="INFO">Slept 2 seconds</msg>
<status status="PASS" starttime="20230416 01:25:14.293" endtime="20230416 01:25:16.298"/>
</kw>
<status status="PASS" starttime="20230416 01:25:04.947" endtime="20230416 01:25:16.298"/>
</test>
<test id="s1-t4" name="Add Plant To My Garden" line="26">
<kw name="Scroll Up" library="plantList">
<kw name="Wait Until Page Contains Element" library="AppiumLibrary">
<arg>${screenPlantList}</arg>
<doc>Waits until element specified with `locator` appears on current page.</doc>
<msg timestamp="20230416 01:25:16.378" level="INFO">criteria is com.google.samples.apps.sunflower:id/plant_list</msg>
<status status="PASS" starttime="20230416 01:25:16.314" endtime="20230416 01:25:16.378"/>
</kw>
<kw name="Get Element Size" library="AppiumLibrary">
<var>${element_size}</var>
<arg>${screenPlantList}</arg>
<doc>Get element size</doc>
<msg timestamp="20230416 01:25:16.472" level="INFO">Element 'id=com.google.samples.apps.sunflower:id/plant_list' size: {'height': 2622, 'width': 1440} </msg>
<msg timestamp="20230416 01:25:16.472" level="INFO">criteria is com.google.samples.apps.sunflower:id/plant_list</msg>
<msg timestamp="20230416 01:25:16.472" level="INFO">${element_size} = {'height': 2622, 'width': 1440}</msg>
<status status="PASS" starttime="20230416 01:25:16.378" endtime="20230416 01:25:16.472"/>
</kw>
<kw name="Get Element Location" library="AppiumLibrary">
<var>${element_location}</var>
<arg>${screenPlantList}</arg>
<doc>Get element location</doc>
<msg timestamp="20230416 01:25:16.573" level="INFO">Element 'id=com.google.samples.apps.sunflower:id/plant_list' location: {'x': 0, 'y': 310} </msg>
<msg timestamp="20230416 01:25:16.573" level="INFO">criteria is com.google.samples.apps.sunflower:id/plant_list</msg>
<msg timestamp="20230416 01:25:16.574" level="INFO">${element_location} = {'x': 0, 'y': 310}</msg>
<status status="PASS" starttime="20230416 01:25:16.472" endtime="20230416 01:25:16.574"/>
</kw>
<kw name="Evaluate" library="BuiltIn">
<var>${start_x}</var>
<arg>${element_location['x']} + (${element_size['width']} * 0.5)</arg>
<doc>Evaluates the given expression in Python and returns the result.</doc>
<msg timestamp="20230416 01:25:16.575" level="INFO">${start_x} = 720.0</msg>
<status status="PASS" starttime="20230416 01:25:16.574" endtime="20230416 01:25:16.576"/>
</kw>
<kw name="Evaluate" library="BuiltIn">
<var>${start_y}</var>
<arg>${element_location['y']} + (${element_size['height']} * 0.1)</arg>
<doc>Evaluates the given expression in Python and returns the result.</doc>
<msg timestamp="20230416 01:25:16.578" level="INFO">${start_y} = 572.2</msg>
<status status="PASS" starttime="20230416 01:25:16.576" endtime="20230416 01:25:16.578"/>
</kw>
<kw name="Evaluate" library="BuiltIn">
<var>${end_x}</var>
<arg>${element_location['x']} + (${element_size['width']} * 0.5)</arg>
<doc>Evaluates the given expression in Python and returns the result.</doc>
<msg timestamp="20230416 01:25:16.579" level="INFO">${end_x} = 720.0</msg>
<status status="PASS" starttime="20230416 01:25:16.578" endtime="20230416 01:25:16.580"/>
</kw>
<kw name="Evaluate" library="BuiltIn">
<var>${end_y}</var>
<arg>${element_location['y']} + (${element_size['height']} * 0.9)</arg>
<doc>Evaluates the given expression in Python and returns the result.</doc>
<msg timestamp="20230416 01:25:16.581" level="INFO">${end_y} = 2669.8</msg>
<status status="PASS" starttime="20230416 01:25:16.580" endtime="20230416 01:25:16.581"/>
</kw>
<kw name="Swipe" library="AppiumLibrary">
<arg>${start_x}</arg>
<arg>${start_y}</arg>
<arg>${end_x}</arg>
<arg>${end_y}</arg>
<arg>500</arg>
<doc>Swipe from one point to another point, for an optional duration.</doc>
<status status="PASS" starttime="20230416 01:25:16.582" endtime="20230416 01:25:17.396"/>
</kw>
<status status="PASS" starttime="20230416 01:25:16.314" endtime="20230416 01:25:17.396"/>
</kw>
<kw name="Add Plant" library="plantList">
<kw name="Wait Until Element Is Visible" library="AppiumLibrary">
<arg>${apple_seed}</arg>
<doc>Waits until element specified with `locator` is visible.</doc>
<msg timestamp="20230416 01:25:19.045" level="INFO">xpath criteria: //android.widget.TextView[@text="Apple"]</msg>
<status status="PASS" starttime="20230416 01:25:17.396" endtime="20230416 01:25:19.045"/>
</kw>
<kw name="Click Element" library="AppiumLibrary">
<arg>${apple_seed}</arg>
<doc>Click element identified by `locator`.</doc>
<msg timestamp="20230416 01:25:19.060" level="INFO">Clicking element 'xpath=//android.widget.TextView[@text="Apple"]'.</msg>
<msg timestamp="20230416 01:25:19.232" level="INFO">xpath criteria: //android.widget.TextView[@text="Apple"]</msg>
<status status="PASS" starttime="20230416 01:25:19.045" endtime="20230416 01:25:19.232"/>
</kw>
<status status="PASS" starttime="20230416 01:25:17.396" endtime="20230416 01:25:19.232"/>
</kw>
<kw name="Validate Seed Details Screen" library="seedDetails">
<kw name="Element Should Be Visible" library="AppiumLibrary">
<arg>${btn_back}</arg>
<doc>Verifies that element identified with locator is visible.</doc>
<msg timestamp="20230416 01:25:19.913" level="INFO">xpath criteria: //hierarchy/android.widget.FrameLayout/android.widget.LinearLayout/android.widget.FrameLayout/android.widget.LinearLayout/android.widget.FrameLayout/android.widget.FrameLayout/android.widget.FrameLayout/android.view.ViewGroup/android.widget.LinearLayout/android.widget.FrameLayout/android.view.ViewGroup/android.widget.ImageButton</msg>
<status status="PASS" starttime="20230416 01:25:19.232" endtime="20230416 01:25:19.913"/>
</kw>
<kw name="Element Should Be Visible" library="AppiumLibrary">
<arg>${btn_share}</arg>
<doc>Verifies that element identified with locator is visible.</doc>
<status status="PASS" starttime="20230416 01:25:19.913" endtime="20230416 01:25:19.991"/>
</kw>
<kw name="Element Should Be Visible" library="AppiumLibrary">
<arg>${txt_apple}</arg>
<doc>Verifies that element identified with locator is visible.</doc>
<msg timestamp="20230416 01:25:20.069" level="INFO">criteria is com.google.samples.apps.sunflower:id/plant_detail_name</msg>
<status status="PASS" starttime="20230416 01:25:19.991" endtime="20230416 01:25:20.069"/>
</kw>
<kw name="Element Should Be Visible" library="AppiumLibrary">
<arg>${btn_addSeed}</arg>
<doc>Verifies that element identified with locator is visible.</doc>
<msg timestamp="20230416 01:25:20.134" level="INFO">criteria is com.google.samples.apps.sunflower:id/fab</msg>
<status status="PASS" starttime="20230416 01:25:20.069" endtime="20230416 01:25:20.134"/>
</kw>
<kw name="Element Should Be Visible" library="AppiumLibrary">
<arg>${txt_wateringNeeds}</arg>
<doc>Verifies that element identified with locator is visible.</doc>
<msg timestamp="20230416 01:25:20.213" level="INFO">criteria is com.google.samples.apps.sunflower:id/plant_watering_header</msg>
<status status="PASS" starttime="20230416 01:25:20.134" endtime="20230416 01:25:20.213"/>
</kw>
<kw name="Element Should Be Visible" library="AppiumLibrary">
<arg>${txt_days}</arg>
<doc>Verifies that element identified with locator is visible.</doc>
<msg timestamp="20230416 01:25:20.273" level="INFO">criteria is com.google.samples.apps.sunflower:id/plant_watering</msg>
<status status="PASS" starttime="20230416 01:25:20.214" endtime="20230416 01:25:20.273"/>
</kw>
<kw name="Element Should Be Visible" library="AppiumLibrary">
<arg>${btn_gallery}</arg>
<doc>Verifies that element identified with locator is visible.</doc>
<status status="PASS" starttime="20230416 01:25:20.273" endtime="20230416 01:25:20.353"/>
</kw>
<kw name="Element Should Be Visible" library="AppiumLibrary">
<arg>${txt_plantDescription}</arg>
<doc>Verifies that element identified with locator is visible.</doc>
<msg timestamp="20230416 01:25:20.430" level="INFO">criteria is com.google.samples.apps.sunflower:id/plant_description</msg>
<status status="PASS" starttime="20230416 01:25:20.353" endtime="20230416 01:25:20.431"/>
</kw>
<status status="PASS" starttime="20230416 01:25:19.232" endtime="20230416 01:25:20.431"/>
</kw>
<kw name="Acquire Seed" library="seedDetails">
<kw name="Click Element" library="AppiumLibrary">
<arg>${btn_addSeed}</arg>
<doc>Click element identified by `locator`.</doc>
<msg timestamp="20230416 01:25:20.437" level="INFO">Clicking element 'id=com.google.samples.apps.sunflower:id/fab'.</msg>
<msg timestamp="20230416 01:25:20.538" level="INFO">criteria is com.google.samples.apps.sunflower:id/fab</msg>
<status status="PASS" starttime="20230416 01:25:20.433" endtime="20230416 01:25:20.538"/>
</kw>
<kw name="Wait Until Element Is Visible" library="AppiumLibrary">
<arg>${plantAdded}</arg>
<doc>Waits until element specified with `locator` is visible.</doc>
<msg timestamp="20230416 01:25:21.345" level="INFO">criteria is com.google.samples.apps.sunflower:id/snackbar_text
criteria is com.google.samples.apps.sunflower:id/snackbar_text</msg>
<status status="PASS" starttime="20230416 01:25:20.539" endtime="20230416 01:25:21.345"/>
</kw>
<kw name="Click Element" library="AppiumLibrary">
<arg>${btn_back}</arg>
<doc>Click element identified by `locator`.</doc>
<msg timestamp="20230416 01:25:21.348" level="INFO">Clicking element 'xpath=//hierarchy/android.widget.FrameLayout/android.widget.LinearLayout/android.widget.FrameLayout/android.widget.LinearLayout/android.widget.FrameLayout/android.widget.FrameLayout/android.widget.FrameLayout/android.view.ViewGroup/android.widget.LinearLayout/android.widget.FrameLayout/android.view.ViewGroup/android.widget.ImageButton'.</msg>
<msg timestamp="20230416 01:25:21.487" level="INFO">xpath criteria: //hierarchy/android.widget.FrameLayout/android.widget.LinearLayout/android.widget.FrameLayout/android.widget.LinearLayout/android.widget.FrameLayout/android.widget.FrameLayout/android.widget.FrameLayout/android.view.ViewGroup/android.widget.LinearLayout/android.widget.FrameLayout/android.view.ViewGroup/android.widget.ImageButton</msg>
<status status="PASS" starttime="20230416 01:25:21.345" endtime="20230416 01:25:21.487"/>
</kw>
<kw name="Click Element" library="AppiumLibrary">
<arg>${txt_myGarden}</arg>
<doc>Click element identified by `locator`.</doc>
<msg timestamp="20230416 01:25:21.490" level="INFO">Clicking element 'xpath=//android.widget.TextView[@text="MY GARDEN"]'.</msg>
<msg timestamp="20230416 01:25:22.212" level="INFO">xpath criteria: //android.widget.TextView[@text="MY GARDEN"]</msg>
<status status="PASS" starttime="20230416 01:25:21.487" endtime="20230416 01:25:22.212"/>
</kw>
<kw name="Element Text Should Be" library="AppiumLibrary">
<arg>${plantedApple}</arg>
<arg>Apple</arg>
<doc>Verifies element identified by ``locator`` exactly contains text ``expected``.</doc>
<msg timestamp="20230416 01:25:22.215" level="INFO">Verifying element 'id=com.google.samples.apps.sunflower:id/plant_name' contains exactly text 'Apple'.</msg>
<msg timestamp="20230416 01:25:22.960" level="INFO">criteria is com.google.samples.apps.sunflower:id/plant_name</msg>
<status status="PASS" starttime="20230416 01:25:22.212" endtime="20230416 01:25:22.960"/>
</kw>
<status status="PASS" starttime="20230416 01:25:20.432" endtime="20230416 01:25:22.960"/>
</kw>
<kw name="Capture Page Screenshot" library="AppiumLibrary">
<doc>Takes a screenshot of the current page and embeds it into the log.</doc>
<msg timestamp="20230416 01:25:23.489" level="INFO" html="true">&lt;/td&gt;&lt;/tr&gt;&lt;tr&gt;&lt;td colspan="3"&gt;&lt;img src="data:image/png;base64, iVBORw0KGgoAAAANSUhEUgAABaAAAAwQCAYAAAAn8rJuAAAAAXNSR0IArs4c6QAAAARzQklUCAgI
CHwIZIgAACAASURBVHic7N15XFTV/8fxN4qAy6CiuYBLmgloWipYaougbZZL2a6WmeaWay79Ks3M
SrPUtNS0bHGpzMq1XTBbv4GW5gJq5gbuG4Mbgvz+IEaGuQMDzGVYXs/Hg8fDOffccw/LDPK+Zz7H
K/DKuukCAAAAAAAAAMDNynh6AgAAAAAAAACAkokAGgAAAAAAAABgCgJoAAAAAAAAAIApCKABAAAA
AAAAAKYggAYAAAAAAAAAmIIAGgAAAAAAAABgCgJoAAAAAAAAAIApCKABAAAAAAAAAKYggAYAAAAA
AAAAmIIAGgAAAAAAAABgCgJoAAAAAAAAAIApCKABAAAAAAAAAKYggAYAAAAAAAAAmIIAGgAAAAAA
AABgCgJoAAAAAAAAAIApCKABAAAAAAAAAKYggAYAAAAAAAAAmIIAGgAAAAAAAABgCgJoAAAAAAAA
AIApCKABAAAAAAAAAKYggAYAAAAAAAAAmIIAGgAAAAAAAABgCgJoAAAAAAAAAIApCKABAAAAAAAA
AKYggAYAAAAAAAAAmIIAGgAAAAAAAABgCgJoAAAAAAAAAIApCKABAAAAAAAAAKYggAYAAAAAAAAA
mIIAGgAAAAAAAABgCgJoAAAAAAAAAIApCKABAAAAAAAAAKYggAYAAAAAAAAAmIIAGgAAAAAAAABg
CgJoAAAAAAAAAIApCKABAAAAAAAAAKYggAYAAAAAAAAAmIIAGgAAAAAAAABgCgJoAAAAAAAAAIAp
CKABAAAAAAAAAKbw9vQEAAAAAABwRVBgkCLat1fr8HAlJCQqal2UYmJjPT0tFBEWi0Uzp83Q8y+M
V0JigqenA6AECgoMUtfOXVzqu2LVSl6L/uMVeGXddE9PAgAAAACAnIQEh+j9+e/J32Kxa/8jNkZD
Rw6X1Wr10MxKt5DGwapkqWR7HLthg9O+QYFBql27lu1x/I4dbv2+vfziS+rWpau2x8epz5N9lZSU
5LaxnfHz81PNGjVsj0+dPq3Tp0/n2L9+vXqqWaOmre3wkcPau2+fzp8/b+pciwsfHx9Vr1ZdknTk
yBGlpqV6eEZAhqDAIC37ZKnD7yFnkqxW3ffQA4TQYgW0oWuaNlXTJk1VtUpVVa1aVRcuXNDJkyd1
+Mhh/fTzT7ImJxf6nK6oXl1eZcroyJEjhX5tI35+fmodFq6rGzVSlSpVVL58eZ09e05Wa5IOJCTo
t//9rlOnTnl6mgAAAABKAIvFYhg+S1LrsHB9t+YbDR05rMSvhg4PC9Og/gMVExur2e/MybFvSONg
DRwwUIkJCZo9b65pAX3XLl3V65Eetsf3Pfyg4uLjDPuOHT1akbdE2B63ueVGt81jUP+B6talqyQp
NDhEC+a9q/seesBt4zvTrm1bdbn78mrIb7/7Vl9987Vh35tvvEnt2rZT/Xr1VKVKFVv7qVOndPjI
Ea2NWqv1P/9k+pyLsrJly6rZNc1UpUplSRlZyKa/N3t4VsbMzGk8lUsV1nVDGgfrxnbtVL36FZKk
48eP6adffnH62lFUREZEuBw+S5K/xaLwsDAlrCSAJoD+T40aNTSg75O64YYbVL9uPaf9Lly4oM1b
/tbnX36hVWtWmzonPz8/devSVbd1vFUtrmuhz7/8XJNefcXUa+amY2QH3d/9PrW47jpVrFDRab/U
tDTt3LlDq75ao08/W5rvO7lvvzlL7dq2y+90HUx6ZZKWffmF28YDAAAAYL5uXbrm+Ee/v8WiD+Yv
0Ntz5+QazBaGzPDXak3SlNenuiX8HdR/oAb1HyAvLy+FtwrL8a3dIY2DtWD+e6rs76/09HQlHjqo
hYsXFXgORlasXKFej/SQl5eXJKlDRIRhiGSxWNShfaTtcdS66AJ/XYICg2xfg4VLFqlDZKRCGgdL
ygihu3XpquUrVxToGjmpXLmy+vXpq2ZNr7G17dgRb9j37k53qecjPRTcOFg+5coZ9glu3Fj+/v5a
/dUaU+ZbHFSsWFH16tZV2TIZW5ZVqlhJu/f8W2Te4WBmTuOpXKowr9v+5lv0ZN9+an5NM9trRqZh
Tw3V5i1/a+Zbs/T7H//L1/hmy0v4nCkoMNCEmRQ/BNCSej78iPr3e1IBVQNy7evr66vwVmEKbxWm
bl266uXJr2r3v7vdOp+IW9qr0513ql2bdqrs7+/WsfOraZOmembUaLVs0dKl/t5lyyo0JFShIaHq
8dDDemXKZK1b/2Oer1uzRg2V83bfj2mZsmXdNhYAAACAwhEaHOJSv8EDBio8LMzjJTkyw18po3TI
4/2eyPd8Musah7cKswU2Xl5eCgysbRhAZw2fM/tmhrJmiNsRr8SDiQoKDJIkRbSP0Ox35io93b7a
Z3hYuN3jtdFRBbpurx49Naj/QD3e7wnFxcfJarXqufHj9MG7C2SplFESZOyoMYpaF21aKY6HHnjQ
Lnx2pnVYuPr37aeGDRpKkk6fPq3NW/7W6dOnVblyZbUOC5evr6+aNb1G/fv20779+7T577+djle5
cmX5+fnp8OHDbvtcigpfHx9b+CxJ5by95efr6/EA2uycxlO5VGFed+CTA9S/35NOMx4vLy9d26y5
5sx6W69Pn6bFnyxxaVzv/8ZLTaVUS1FWJvcuJVv/fk/qmdFjXXqyZXdD6+s1Z9bbtl8iBRESHKL/
G/OMvl39td6aMVOdbr+zyITPd93ZSe+9M9/l8Dm7oMAgvTlthnr16Jnnc6tWrZqvawIAAAAoOQKz
rSCL2xGvFatWGvbNLMkRGRFpeLwwZP1bLvS/2tWWfKycCw8L07erv1brsHCH1YJGLBaLJk18yeFv
SWdfK3eJWrfOFjiHBocosLbjir8O7SPsHucUQOf2terWpavGPj1a/haLJr040dYeFx+nhYsX2ubi
b7HYynK4W/NmzfTAffe71LdvnyfswueZs9/S7Hfm6J1352v2O3M0fdabunDhgiSpYYOGevA+56VD
6terpzEjR+np4SPUvFmzgn8ixYArP/tmKKycxlO5VGFe98H7H9DgAQNdWmDo4+OjMaNG647bbndp
7KcGDtaXS5d59DUfuSvVAfRDDzyopwYOKtCLWZ2gIL315swcy1E4Uy2gmvr1eUKfLvpYn338iXo+
/IjqBAXley5m6BAZqZdeeNF2Bzm/vMuW1dPDR+ruTnfl6byqVQigAQAAANizWq167oVxGjJyuGFN
Un+LRbOmzdDYUWM8MDvHwDc/IfSg/gP1/rz3XA68MutkZ18t/vyE8fojNsbl6+ZH9jIXrcPDHfp0
iOxg+/eKVSsdVrR269JV367+Wls2btJvP/6sLRs3adnHnxqGSr169LT9HR8aHKJB/Qfajr09d44S
DybaHne5u7PbA0xfX1/169NXtWrUtAXHzjS++mqFtwqzPf72++/0xfIvtfnvv7X7393a/Pff+vSz
pfrlt19tfW6+6San42WuPr3rjk7q1tmccL00K+ycxlO5VGFe19/f3+m10i6lKe1SmkO7d9myGv30
KPn5+eU4dkjjYPV85BE1bNBQM9+YrpnTZ6h+/fp5+0ScGDxgoJZ9slRb/9xs+8j6WuOqQf0H2o2x
7JOl+RqnuCu1AXS1gGoaPGCgyngZfwlOnz6tdet/1LIvv9Cab77S9rjtDm8hylS/bj0NGfyUS9f1
9vZWl7s7a86st/X9V99o+JBhuqZpU6fz8KTatWrrhefGydfX1/B42qU0xe/coa++/Vqffb5MX3/7
jfbu3+d0vHLe3hoxdJjLL4p1goKcXhsAAAAAoqKj1P3B+xWzwXjzwUd79NSyT5baykMUludeGJfv
EDozSM6s9+yqZ0aNcQifn3thnL5csdz1iedTXHycXegb2T7Cbu4hjYPtFjWtXWe/+vnlF1/SpAkT
VScoSF5eXraP0JBQzXxjukNY83i/J+xuPGQNpKWMFdmZnK3ILojI9hG68b+9iqJ/XJdL30j5+PjY
Hi/6eIlSUlLs+qSkpGjRksX6eOkn+njpJ/r2+++c/i1cs2ZN278bNiz4u7HhuZzGU7lUYV/3oQce
dFhlfTE1VW++PUvtbrlJN0bcoo8WL9Kl9Et2fWrVqKmHHngwx7HHjBqt8n7lJWWslO/QPlLTp76R
4zmu+PzTzzSo/0CXyz/lRWhwiAYPGKj357/n9rGLslJbA3rI4Kecvs3gsy8+1+SpUxw2zrup3Y2a
MG68atWs5XDOA93v09Jln+Va/+a9d+YrrGWr/E+8EA17aoiqBVQzPLZt+zZNfn2qNmzc4HDsgfvu
16gRIw2D5lo1a+mxXo+6tDFIvXrGd602/rlRP/36S67nG8mpjhYAAACA4ichMUG9+/bR4AEDDVeV
hQaHaNknS221ggtDenq6nh3/vCSpa+cudnN5f/57TmtCh4eFaea0N/O80ZXFoNTEcy+MM3UDvuwW
LlmssU+PlpeXl8KyrPiVpG5du9n+bU1OVlR0tO1xrx491bVzF1uAHLcjXjGxseoQEaHA2oHy8vLS
4AEDFbsh1raSOykpSZOnTtGkCRPl5eUlf4tFkRERWhuVEWwv/29jxEyRERFu24SxXt26eqL34/Lx
8dH+Awf07vsLciwVcE3TprZ/Hzl6VP/s/sew35+b/tKefXttj50FfnA/T+U0nsqlCvu614e3dmj7
+puvNe/d+bbHU15/TQEBAbr7zk52/dre0EYffPSh4bgP3He/w9jp6ela8MH7hv1dNXjAQFPr5mdq
HRauwQMG6u25nt84tzCUygDax8dHt3boYHhs1ZrVmvDSi4bHfvrlZ40Y/bTenTvPIVz19fXVPV27
6o0Z03O8doXy5fM36UJWJyhIt3W81fDY1m3b9ET/voZvdZOkpcs+04kTJ/TGa6/L22DTv7Zt2rgU
QAfWrm3YvvGvv+xeqAAAAAAUL0GBQerauYuSrEmG5Rjy4+25c7Q2Olqzps9wWPHqb7Fo8ICBGjJi
WIGvkxevTp2i4OBguzAjpxA6KDAoz+GzJIUE24clK1atLNTwWZKioqM19unRkuQQCIeHhWXpZ7/6
+dEsq5ej1kVr6MjhSk9P19tzZ2vW9Ddt5SvGjBqt+x66XBt5bXSUJk24XP85vFW47XrZbzTk52vq
zMMPPqzQkFBJ0pJPP9b2uO059q+UZeX3wUMHnfZLSUkx3FSwXt26qlOnru1x3Sz/9vf3V9s2bW2P
k5JOa8vWrbl/ErDjiZzGU7mUJ65b2yDbWfPNVw5tX3z5hUMAXd/JwsRqAdUMbzj++NN6rf5qjeE5
rsq+YaqZMq5VOgLoolf3oRDc1vFWValcxaHdmpysN2ZMy/HczX//rZWrVxkea3/zLQWaV/KZM4pa
F609e/cUaBx36HRnJ8O3/KSmpWnCpIlOw+dMP0StVfS6aMNjTUObuDSHGlfUMGw/dPiQS+cDAAAA
KHqCAoP02cefalD/AXpm1Bh9u/pru4CyIOLi49T9oQcMN93Lviq3MFit1oyV1zvi7dqdleNYvnKF
np8wPs/XiYu3H79r5y6mbb7nTEJiguJ37rA9Dm+VsXFiUGCQXQC/dl2UbXVvSONgu5sFU15/zXbM
arVq4ZLLq5ZDg0Psvl5Wq1WxWd6Rmz2Ez3osONg9qxnbtmmruztlBGQb/9yo1WvyFnRlL73Rtk1b
jRox0vCjXt2MoLl/3yc1qP8A20fW50pg7UC7Y0MGPaUaV1xRwM/SPPXr1dON7dqp2TXX5Ok8T64G
Nyun8VQu5YnrGu0p9s8/jqult23f5niuk5tHo0aM1BXVq9u1WZOT9dq0153Ow1Xhhfi7ojCv5Wml
MoCOuKW9Yfsvv/6io8eO5Xr+oiVLDF8AGzZomOdl+ufOn9PPv/6iia9MUuRtHTVkxDCX5pAfke0j
NGLocI0cNkIdI43veGVq1aKlYfuGjRsMXxSMfL/2B8N2Hx8f2y/TnDj7xXnwoPO7xgAAAACKtsDA
2qrs72+r81vZ318fzF/gtk2Z0tPTdTopyaHd3RvRuSopKSlPIfSXK5bnOYS2Wq2KyrYAaNKEiYUe
Qi9fucL2t3Jk+4y/u7MGptbkZNsqZUkKzLa5W0Jiot3juDj7r1n2kDknWf9m97e4tpFjTvz9/fVE
78cVUDVAp5OSNH/Bezpx8kSBxmxx7bXq3esxPf5ob4ePmjVrytfXV53uuFMtrr3O9pG1BIKlUiW7
Yze2bacAJ2U0Pa1e3boa9tRQDXwyIyjvEOm4uaQzhf3cLYycxlO5lCeua/T9M9q802ihY1mDd9W3
a9tWnbKtlJakBR++r7179zq0o2golSU4GjRoYNju6s7Ae/bu0b4D+1W/bj2HY82bN3f4j0V2KSkp
+nPTX4paF63VX63RqVOnXLpuQbz26mTddYf9E/T7tT9o+KiRhv3rOgmI81JDOdagPnSmmjVrat/+
/TmeX62a8S/O3OoZAQAAACi6rFbjd1MOHjBQISHBem78uHyX5AgJDtGkFycaBiHZSz8UpswQ+v35
77lUjiNz48CsJSZy8+z45/XBuwts43t5eWnM06MVFxeX69+o7pK1DEdQYJCCGwcrMiIiy3H770Fo
LoFyQmKC+yeZT5073a2W17WQJG3avEkHEhJUJ8hxc0uLxV91goKUZLUqKduNEH9/+yD8dFKSDiQk
yMvLSz4+Pg6LsNLT0/XNd9+qaZMm8vX1+298iyr/N05KSoqOHD1q679121YdzfK4KLmx7Y26reOt
tjCyQoUKioqOLjK1rgs7p/FULuWJ6168mOrQVqlSRYcbOEZ7kKWl2p/r7e2t0SNGOZR73bZ9G6Va
i7hSGUAb/ZKQpL+3bHF5jN27dxs+4a5u1CjH8959f4E2/rnRtFXORrrc3dkhfJakWzt01AP33a+l
yz5zOFbZ3/gOcU41q7I7efKk02Pnzp3L9XyjADolJSXX4BoAAABA0RUXH6fnXhinl198yeFYh/aR
CvkkWENHjsjzhoHdunTV2FFjDOv9WpOTPbLRU/bSIm/Pma2XJ06ym2NOIXR6errh18lIZrmPrCF3
ZX9/LZj/nm6/+0631NnOTWYZjszrh4eFqUP7yytds9eljomNlfo7Hy+30ixZ9w1yrKd9ubRH9hIl
eeXv769HHn5YPj4+kqSAqgHq3+9Jw77Xt26tqlWr6oe1P+j7tT/o6LHLgXBg7UD5+vraVn/+EfOH
7e/mqxo2VP++9mOmpKRo7rvz1LjR1bZr39bxVts7mg8kHNDc+fNs/Xfu2qnjJ44X6HM1S1irVnYr
YV0tzVkYPJHTeCqX8sR1rdYkh5srzZs1d8h2moSGOpyb/d0sg/oPcLjOxdRUt5TegLlKXQAdEhzi
UDBdynhhd7W0hCQdOXLEsL2ewZMwq2+//87la7hLqxx2c215XQvDAHr6zDdVrlw5h/bf//ify9dt
eKXxnbWLqakuvS2iShXHukQFfYsTAAAAAM9bvnKFEhITNGv6TIf6oEGBQfr8k6V6deoULVqyONex
LBaLnhk1xmm5icSDiRoyYnihraYNCgzSmFGj1aF9hOFxo7ejOwuhl69coZDgEPV6pIdL185caf3d
mm9sX9fK/v7q9UhPlzaCd4flK1do7NOj5eXlZVsNLWV8H7KvssxeciO8VZhdn5DgELvjMbGxdsey
1o/Oep7FYrE7ZrU6lmTJi/RLl3Rlls3QrmnaVNc0bWrYt3Gjq9W40dXat2+vvl/7gzZt2qROt9+Z
Ma9KlRQaEqq/Nv0lSdqxc6d27NwpKSNszx5AS9LevXvt/n6+sn59WwB9/MQJrfnacTO3oiggIMDu
sY+PT5FZ/VzYOY2ncilPXXf3v//qqoZX2bU90P1+h80C7+t+n8O5e/dd/tm/ulEj9erR06HP8hXL
7V4bUDSVugC6Vs2ahu1nzp7J0zjOglBnBdI9KTX1otNjKReNjy374vMCX/f66683bN+3b2+umxhK
GXeVszt27PLdXG9vbzVv1ly1atZUuXLldPLkSR06fMj2CxwAAABA0RUTG6vuD96vmdNnGJbM+L/R
Y9U6PFzPjR/ndIyQ4BDNnDZdQYHGq/pWrFqpV6dOKZTVv1LG34PLPllquAo7N85C6MlTp8jfYlHX
zl1cGicpKUlDRgzVB/MX2Npah4cXWgCdtQxH1rB9bbTjJvUJiQmK2xFv+/6PGTVaw0aOUEJigkIa
B9vVBc++seQzo8fYjR+VZfwOEfb1hbcXcAW0NTk5x8VYN7S+/LfvgYQEHUg4oAMJGTc8fvr1Fz2d
kmJbwfxYz15KSDjgsNrW19e3QHNE8eGpXMpT1/3p5591a4eOdm2tWrbUe+/M19Jln6lMmTLqGNlB
HSMc64L/9PPPtn+PeXq0KpSvYHf80OFDmjZzRp7mD88odQF0xYqOd3sk10pCZGVUMF2Sypcvn+c5
me3H9et1f/f7VLaMfY2c9PR0rf9pvWnXva3jrYbtv//xR67nVqlSxXCn1GPHj6l7t3vV6c47dV3z
a+Xn52fQ57j+2vSXln3xuX765WeH4wAAAACKhoTEBHV/8H69MnGSYcCaWZLDSI+HH9H/jR5reMya
nKzJU6c4lHww2/+NHpuv8DmTsxD62fHPS5JLIbTFYtHYUWPs2gpagiIvEhITFLtxg8Jb2ZfPcPa9
mDL1NS2Y9668vLwUGhyib1dfXtGbGTBbk5PtAvRuXbrajR+zIdZuhXvWANqanOyW+t+z35nr9FjW
ADp2Q6y+WLFcBw9mlK/cu3evVn+9Rvd2vUeS1P7mW3Ts+DH9ERNjqxHt7++vTnfc6dI8MoNtSUpI
KDo1suE6T+VSnrru58u/0GO9ejmsgr6h9fV2z53s9u7fp0+XLZUkde92r9re0Mahz4xZMx1qraNo
IoD+T2pqWp7GOe/kCVexQgXDdk9a//NPemvObPXr84TtbtGFCxf0wcIP9UPUWlOuefutt+m65tc6
tKempemL5V/men7DBg0N29ve0Ebtb74lx3OrV6umjpEdFBkRoXU//qhJk1/R4cOHXZs4AAAAALez
WCzq9UhPJSQmOKxklTIC1j9iY/TM6LGGJTmyC28V5hBwZorbEa/nxo8zrCHdtXMXBQUGaeGSRaas
io5wUnYjL5yF0M+9kLESPLcQeuyo0QrNVrqisDdgXL5yhcJaXq75m3gw0WlN7z9iY/T8hPG27332
EiXW5GT17tvHLnjtma0kSdZV8uFhYYq4pb3tcVR0lLy8vApc7mHDxg0u9Us8mOjQ973331fDBg11
XfNr5ePjo/vu6a5WLVvZvr8Wi0XBVze29d8et10JCfblSTLFxMbqg4UfytfXV998920+P5uiwdXv
S1Ep1eEunsqlPJmHvfjyJM19622HFcxOr3H+vCa9+opSU1MVUDVATw0a7NBn/c8/adWa1a5NGh5X
6gJooxWz+eHsBbBcOR+3jO9u896dry+Xf6lmzZrLy0vasnWraaGsv7+/Rgwdbnhs/U/rXdpMJOtm
Elllvm3JFWW8yiiyfYQaNmigwcOGas/ePS6fCwAAAMB9Hu3R01ZOoUNkpJ4bP84hAF6+coXi4uM1
a/oMu/q9ebFwyWJNnjrFod1isWjmtBlqHRYuSfLykimbEhZk9XNWRiF0enp6riH0pBcn6p4u3eza
Fi5Z7FB72Wxro6PsNwHckfMK7OUrVygmNlaRERHqEBEpLy8vJSUlKWZDrJavXOGwwvHxfk/og3cX
KKRxsKa8MdVu9fPgAYPsQuyPFi/yeIC5Z+8ezX5njrp27qKb2t0k/2yBc6Ykq1V/xMZoxcoVSjxo
HEAnHkzU3Pnz5Ovjo2PHi+aGg+5mVDe9OPNULuXJPGzDxg0a/cxYvTThRcNyq1mdPHVSE16aqF9/
+1WSNHL4cIdNDK3JyZry+tQ8zhyeVOoC6DJlynh6Ch5z9NixQrnzPeH58apbp45D+4ULF/T2nNku
jVG7Vi23zefK+ldq1vQZeqhnjzzXNgIAAADgXh3aRyp8Tbiee2Gcw98ncfFxuve/khyReVhNbE1O
1rPjnzf8eycyIlIvv/iS28LhwuIshM4sx5Hd4AEDHcLnFatWGgbyZrNarXkO+BMSE7Rw8SK7jSed
BV1Wq1W9+/ZRr0d66qNFC23tL7/4kt3K+BWrVrq0AKqgspYXcVZv+pdff1Vi4kFt/vtvNbyygYKC
gmwLrJKsViUmJCjhYKJiY2NzDeytVqsKp6q5uTx9Y8BTPJVLeToPW7f+R9338IMa+OQARdzSXtWr
VbM7fuLkCUX/+KPmvTvP9o6HG1pfr853dXYY64OPPmSRYTFT6gJomKvfE311+623GR5b9PGSXH+R
Zqpe/Yocj6ekpCjxYKKSk8/Iz89PNWvWNKwZnalhg4YaM2q0Xpg4waXrAwAAADCPv8WiWdNmaO26
KIfV0FarVUNGDNPgAQPtNqFzJm5HvIaOGG63ClbKWPX88sSX1KG948ZWxUVONaGzb/jV85Gedo9X
rFrpNKwuylwNJa1Wq0Nd6G5dul4+npxsyip3I1nrQydZndej/XfPv/p3z7+qXq2aggKD5OObEUBb
rclKSEwotM0y3a16tWry8fHV8RPHndYHLojSGlSXRIcPH9aEl17UhJde1DVNmyooMEhly5ZVYmKi
/tq8yaH/6KdHybus/X5m2+PjNHf+O4U1ZbgJATTc5q47Ozn9D+KWrVs18+1ZLo917tw5nT131qE+
0ImTJ7RwyWItXfaZTp06ZWv39vbWHbfdrief6OtQ2D5T185d9NGihfpn9z8uzwMAAACAeTq0j5TX
RC8NGTHM4djbc+coKDAox5rHmZsYGsnrKuqiKjOE7vNkX7tSFFnDypDgELsV3nE74otl+FwQcfHx
siYn2xYmPTv+eYebEmbJ63WOHT9eYspnhDQO1gP33S8fXx8lJh40pb56SSvBgQxbtm7Vlq1bnR4f
1H+gQhrbb0J7MTVVU9943eypwQSltx4F3OqG1tdr/HPj5FOunMOxEydP6Nnxzys1NdXl8WbM3Npo
TwAAIABJREFUelPt2t+sp4YP1QcLP9TGPzfqr82b1Ovx3pr37ny78FmSUlNTtfqrNXq4V0/99r/f
Dccs5+2tng8/krdPDAAAAICpotZFG7YP6j8w1w33ggKD9P789xxWA0sZdYhLitDgEC2Y967h5ynJ
IfALrB2okGwbEZZ0cfFx6t23j6zJyYblXWCOnj166MH7H9A9Xbqp7+N91K5NW09PCSVAwwYN9Viv
Rx3aV6xaqf/F/GHXFlA1QG3btNXdne5S+5tvUZ0gx41r4XmsgEaBNW3SVFMnT1Elgx1VU1JSNGHS
xHytOk5JSVH0j+sU/eM6l885c/aMxvzfM1q65GPVruW4kWG7tvwyBAAAAIoCa3KyhowYqpjYWLv2
7BsG5qZ1WLi+W/ONho4cZjfW8pUrlJCYoFnTZ+ZYrq+4cFaOQ8pYgRu3I962WtDfYtHMadPV/aEH
im1Zh/yIi49T9wfvL7SVz2YpV66cqlSurJSLF3X69GlPTydHHSI62P7t6+urDpGR+vb779xaNoMS
HKXPmKdHOWRMh44c1vSZM2yPIyMi9VjPXmp+TTNbPXVJupR+Sf/8s1vLV63QoiWL87QYEuYpdQG0
2S9cl9IvmTp+UXNl/Sv15hvTDHcxTU9P1xszpmltVOHeeT5x8oQ+XfaZhj811OFYYO1A1a1TR/sP
HCjUOQEAAAC4LGpdtJ57YZxdSQlJCg8L05tvzFBlf/88jedvsej9ee9p9jtz7eoCx8TG6ra77tDL
L75UospxGIXQz40fpw/eXWAL2zNXhxv1LYigwCB1ubuzrSxCzIYYh5sIUsb3MqxlWJ7LJyQeTNTy
lStyLb+S3YpVK5WQmJBr+BwZEan4+HhTQ+qyZcuqdq1akqSjx47lqS5y5cqVdWW9+qpSpYpSLl7U
oUOHtG//PqWlpZk13QLJvrlnjStquP0aJa0Eh6dyqeKSh3W5u7NuanejQ/vMt2bp1KlT8vb21oRx
49Wtc1fDn40yXmV0daNGGj3iad3W8VY9PWa0Dh466Ja5If9KXQDt7IXfXbuBmlFwv6iqUaOGZk2f
YbjSWJLefX+BFn28pJBnlWH5iuUaMmiwypaxL1bv5eWl1mGtCaABAACAQpT0XwBqTU7Ws+OfNyyP
0PORHvq/0WPzfQ0vLy8NHjBQISHBdhsbJiUlaciIYYqMiNQrEyfJUqmSbT7uFrMhVuGtwkwZO5Oz
EDouPk5DRgzVB/MXOPS976EH3Hb9wMDaGjzg8t4/c+bJOIBuFa5B/QfkOl72ACl24wYtX7nC4Tq5
idkQ4zRUDmkcrF49eioyIlL+Fot69+tjagBdvXp1NW3SVJK0c9cu7f53t0vnVa5cWU1Cm9iVEKgW
EKAyZcpoz949RTaEzorVyrnzVC5VHPIwf39/DXtqiEP7z7/+ohWrVkqSJk2YqM533e3SeNc2a643
35iuno8/qpSUlALPD/lX6mpAO7vzW86gdnFO/Hx9DdvPnz+f5zkVR5ZKlTRr2ptq2KCh4fFPPvtU
M2a9WcizuuzosWM6ePCQ4bGAgKqFPBsAAACgdFu4eJF69+ujWzvd7hA+WywWzZw+w2n4HLMhVnE7
4h3aJr/+mmHY1aF9pD7/ZKlDDeSo6Cjd2ul29e7XRwsXLyrgZ2Ts7bmzTRk3u9DgEIUEBzu0x8TG
6rkXxjn07dWjp9vn4OXl5dLK1Mx+zj7MEhQYpLGjxui7NV/r808/U7cuXR1W65qlWkA1+fv7y9/f
X7X+WwmdG0ulSmoSEupQv7Z8+fIKDQnRlfWvVNmyZZ2cjeLEU7lUccjDRg4boVo17Z8zyWfOaMrr
UyVJd3e6y+XwOVPTJk00qL/rN7NgjlK3AvrU6VOG7b6+PobtzlSoUMGwvTQE0N7e3prxxnRd07Sp
4fHVX3+ll155uZBn5chqTZLkWHzeYsnb2/kAAAAAFJzRKtmQ4BDNnDZdQYHGm0bNfmeO3p47Rx+8
u8Dh2KIlixUTE6NZM95UYO1Au2NBgUH6/JOlenXqFC1astjWbrVaDefhLpkB8DOjx3qs7vTylSsk
SS+/+JKtLdQDGxLGbIjRnHn2bdnLamSWzcgqITHRcDyjvlklJl5+i314WJjdSnBP8nEh3PP19VXj
xsGqU6eO4fHMEPr8+fNFvr51Xm4qeHl5ubRiuqStqvZULlXU87DwsDB169LVof2jRR/Z3kXQ22Bj
wlOnT2nh4sXasWunGl11lfo89rjD6+89Xbt5dJEkSmEAffToUcN2i8UiPz8/l58w/k5qkp06ZfyE
Lklen/yabmh9veGx6B/XaeyzzxTyjIw5+yVVzrvU/dgDAAAARU63Ll3tQtKscirVkSk9PV1xO+J1
74P365WJkwxrPP/f6LFqHR5uV5LDbMtXrlBMbKyCg4MVarBKOatePXqZElRnX/3tCTGxsQ5hf+uw
cLsA+suVy12+IZCXvtklHkx0uElRVPj6+qrx1Verfr16trZLaZdUpqz9G9bLly+vkJBgpV1K06FD
xu/29YT09HTTazSXtBrQnsqlinoeNmbkKIe8Jn7nDr3z7nxJUv369RWc7TU1PT1d416cYPtdERUd
pb+3bNE7b8+2K8lavVo1tW3TVr/+9muB5oj8K3VJ3I6dO2VNTnb4JV+2TFmFNA7WX5s3uTSOs19e
e/fuLfAci7IJ417QrR06Gh77IzZGI8eMKuQZOVfRyX/kTiUV7V2EAQAAgJLu5RdfMlzpJklxO+I1
dMTwXFd6Zq6etFqtGjJimAYPGGj4NusO7SMVOD/Q7Zvx5SRzM7ycAnRJWhsdbbdxoDt069JVvR7p
Ydf2R2yM28YviHQV3krWqHXRWhsdpZjYWAUG1i4yK6Kzygyfr250ta28xsFDB2WpZFGl/34mTp48
qQoVKsjX11cBVQPUtEkTSSoyIXT2cDgvq5VL2spmV3kqlyrKediTffupSWgTu7bUtDS99vpUpaam
Ssqo51zGy/7GzI5dOx1eZ3/7/Tf99dcmtWrZ0q69aZMmBNAeVOpqQEvS/v37DNtbtmhp2G4k693J
rP7Z/U++5lQcDB8yTPff293w2JatWzXs6RFuKeo+b/Zc/b3xL4ePPo897vIYfn5+ql3TuNbW6dME
0AAAAICndOvS1Wn4vHDJYnV/8H6XygxkD6/enjtHvfv1kTU52aFvaHBIgTY4NEtcfJx69+3jUOM6
v4xWlcdsiLWV5SgtYmJjNWTEMC1fuaJIl6yoE1THLnw+dOiQtm7bpnPnztn6HD5yWDt27rRt8JYZ
Qvs6qcPrTj4+PvLxyVt5BrjGU7lUUczD6tevb5j3rFqzSr//8T/b4+rVqjv0SXRSsmfvfscwvErl
yvmaH9yjVAbQ/+w23oG2ZYsWLp1fv3591a9X36E9PT1df25y7Y5RcfP4o73V9/E+hsd27tqlp4YP
UVJSkluudejwYZXxKuPw0bxZM5fH6BjZwekvyk2bN7tlngAAAADyLijQcfWcNTlZQ58erslTp7g8
jtHb8mNiY3Vrp9sVs8GxVEOEQYmOosBdIXR4WJhD+By3I15DRgwr0LielPUmQ0hwiMLDwgw/LC5s
LlgUV9tWqVLFLnzesm2rTp48adcnLe2Sdu7aaRdCV/GvIu+y5r6hvXmzZur1SA/1eqSHWrVsZeq1
SiNP5VJFMQ8bM3KUw6rsI0ePatqMGXZt3uUcf+YznxOutBfGTRs4V+pKcEgZb8Ux2jWz7Q1tVCco
SAcScr5D+siDDxv+Zyd+544SuQK6e7d7NXzoMMPPed/+/RoyYqiOHjvmtuvFxcUZtre5oY1q16qt
g4cOGh7Pqvs99xq2Hzp8SNvjthdofgAAAADy74/YGLtSGa6W3MgLo7CxKNeRtVqt6t23j2ZNf1Ph
rcLyNYZR+Ny7b59CKztihqzfs2dGjXHar3e/PqZuLmmWAwkH5Ofnq4spF7Xrn38cwudMaWlp2rlr
pySpWrUAnT17TucvFGzDt5xUqlhJg/oP1E3tbpR0udym0fyy14Auys+zosRTuVRRy8PuurOTbrnp
Zof2t2a/rRMnT9i1XUpLc+iXeQPHob2MY/ulS0XvJlRpUipXQH/3w/c6fOSIQ7uvr69GPz06x3ND
gkPU5e7Ohsd++vlnt8zPLJHtIzRi6HCNHDZCHSM7uHROx8gOeu6Z/5O3wZP68JEjGjpymPYfOODW
ea7+eo3Onjvr0F6pYkU9Ozb3DQ57PPSIWoeFGx77I6Zo1D4DAAAASquY2Fj17tdHs9+Zo8mvv+Zy
yQ1XREZE6rs13xj+PZBbPWZPywyhV6xamedzgwKDFBQYdHms5GQNHTG8WIfPJVWZMpdjmMOHD2vL
1q36e+sWh7Atu8wQesvWrdq6bavSDMI4dwkMrG0Ln6WMzSPr1qlj2LcgNaBLM0/lUkUpD7NUqqTh
Q4Y6/Az98tuv+nz5Fw79jTY5rF7dsSyHs/bTpwu2SSIKplSugJakb7//To/26OnQ3jEiUq++9LJe
fPklhx1AW7VspUkTJsrf4O09Z8+d1RcGT5Ci4rVXJ+uuOzrZtX2/9gcNHzXS6TnXh7fWpBdfMnyb
wslTJzV81Ajt3LXL7XNNSkrS2qgow7tyke0j9NaMmXr1tSmG/0l9sm8/DXxygOG4KSkpev+jD9w+
XwAAAAB5ExMb6/YVq2NHjTH8G0/KWA38ah7Ke3jSs+OfV3p6utM62Uayv339QMIBWZNLVvi8YtVK
pzcqEhNzf5esGcqUKaN6deupXDlvnTp1Ktd3BlssFgUFBunixYs6kHBAFy5cyNMeRWlpaYWyp1Fl
g1q5nixfUFJDbU/lUkUlDxsxdLjDhoZnz53V1GmvG/bfut3x3exNQ5uo8dVXa8fOnba2gKoBhiVF
9hRgk0QUXKkNoGfPna1bO3RQ7Vq1HY51ubuzbrrxRsVu2KAjR4/Kx8dHVzVooObNrzVcCSxJnyz9
VPv27zd72vnS5e7ODuGzJN3aoaMeuO9+LV32mcOxqxpepdenvOZ0N+aKFSpq/px5BZrXb7//5jQA
nz7rTd3Yrp2qVqnqcCzilvZqc/0N+nPTX9q7b69SUi6qevVquq75tU53Y5UyVlZnfVECAAAAUPwF
BQbpzWnTFRocYni8OJaieO6FcYrbEZ9j2Yms4nbEy5qcbPv7LTQ4RAvmvavH+z1RrD7vnHy5cnmB
blrYlYmQe8pEVChfQdc2by4fHx8dPXpUf23eZLhKU8oIn5uEhKpevXpKS0vThQvncy13gAwltayH
p3KpopCHtWzRUvd07ebQ/tGihU4XOm6P2669+/epft3LmyD6+Pho2muva8KkiYrdsEGNr75azz/z
nKpUrmJ3bvKZM1pbxN8FU9KV2gDampysGbNm6uWJkwyfRFWrVNWtHTq6NNa/e/7V3HkFC2PNlNOG
AS2va2EYQIcEByugaoDT89yxG66fn5/TY4cPH9arr03RpAkTDa/j5+enNtffoDbX3+DStbZt36aX
J7+a77kCAAAAKHq6demqMU+PVmV/f8Pjs9+Zo7fnzinkWbnHwsWLZLVaHWo7O/Ps+Oc1a9rlTbtC
g0P0/vz3inUInb2+cFEZK1OZsmVsmwFeccUVCg0J1ZatWxz6ZQ2fpYwAvKx3qY1j8B9P5VJFIQ97
tEdPh6xnx66dmjPvnRzP+3LFcg1/aqhdW4MrG+jDd9/XufPnVN6vvOF5q9ascljVjcJVKmtAZ1r9
1Rq9Pv0NpV3Kf+2kAwkJGjx8qM6cPePGmblXaupFp8dSLjo/5mlrvv5KL09+pcAvEtvjtuvpsaN5
sQEAAABKCIvFokkTJurlF18yDJ+tycnq3a9PsQ2fMy1fuUJDRg6XNTk5175R0VEO9aNDg0M0M0so
Xdy4MzA2YxXtmTNntO/APl1KuyRJqhMUpNDgEFWqWNHWx8fHR6HBIbbw+VLaJe07sE9HDOrwFkfZ
M4WzZx33czJqT7l40eXvSUktwSF5LpfydB72zPPP6qNFC3XhwgVJUmpaml6f/oZSU1NzPO/9Dz/Q
5i1/Gx5zFj7v2bdXs+fOzfMc4V6lOoCWMu4qT3x5ko4dP57nc/+IjdGgoU9pbxGvI/Pj+vWGLyrp
6ela/9N6D8zIdcu+/EJP9O+nHbvyXjojNS1NX337tR57ok+RLY8CAAAAIO9CGgc7rZEctS5at3a6
3e01pj0lKjpKvZ94XEkurGJ+dvzzDiF067BwhTgpT1LUuTN4NCPETEtL05atW+1C6Pr16+uKK66w
9alUqZLq169ve3z4aMbGg+fOnXP7fNzl9OnTupglCLyYmqqzZ43nu2fvHrvH27ZvM/xa79y1y659
z949hv1S09KUdumS7fGl9PQivXDOHTyVS3kyDzt//rymvDFVPXo/qv/F/KHVa1brl19/zfW81NRU
jfm/sdoeH+fSdfbu36enx4zOdZPPrBIPJrrcF67jPR+Sln3xuaKiozWwf3/d1O4mp7u7Shkb2W3d
vk1fLl9uuCtnUbT+55/01pzZ6tfnCVUoX0GSdOHCBX2w8EP9ELXWw7PL3V+bN+me+7vrvnu7q/s9
9yo0JFTlcni70umkJG3YuEELPvxAf/71ZyHOFAAAAIAZXC0hMfn117Rw8SKTZ1P44nbE6/G+fTRr
xpsKrB0oa3Ky04D92fHPS5K6du4iKWM1uLPN+9yha+cuCmsV5vT44/2eyPfYWVfIjh01Jsefg5Wr
V+nLFctdGitd7gujz507py1bt8pLXqpbp67KlC2jChUq2I6XzVLi4MiRI9q+Pa5Ih8+StG//fn2/
9nu1uPY6SdLWbduc/gx9+tlSPdqzlypWqKh9+/ZqbXS0Yb91639Uy+uuU7169XX69Cl9+tlSw35n
zpzRoUOHVLVqxn5Qx48f15nkovuOc3fxVC7l6Txse9x29Xmyr7zzUJJm/4EDerxvHw0eOFjdunQ1
3Lvs/PnzWv31V5r51iwdP5G3gD0uPj7H/cXcKWqd8fOlJPIKvLJuyX0vQz5d26y5mjdvroCqAapS
ubJSLl7UiZMndOzoMa3/eX2uO9sWVVdUr65mzZrLy0vasnWrDh8+7Okp5UtA1QC1bdNG9evVU+XK
VeTj4yOrNUmnT59W/I4d+umXnz09RQAAAABuFB4Wpg/mL3B6PG5HvJ4bP05xLq6KK64sFos6REQq
Lj4+18918ICBCg8L10eLFynKjZtvhYeF6f1577lcPqFpi+Z252b9Pvbu18dpkJ7b9zy7nOp95+W6
+VW+fHk1a3qN3WrnrI4cOaItW7e6FIa1v/kW2yrqTZs3acfOvL8juKBq16qtDpGRkqRffv1V/+75
17Cfn5+f7u50l6pWqaINf/6pjX9udDpmyxYt1apFCyUePKioddFOg3iLxaKaNWpIkhIPHnRa1qMk
81QuVdzysIoVKioyIkKNrmqkyv7+OnP2jP7ds0c/RK11uiFobkKCQ/T5J8Y3SNzNjNeioooV0AY2
/b1Zm/7e7OlpuN3RY8fc+h8PTzlx8oRWf7XG09MAAAAAUEhiYmM1+505GtR/oMOxFatW6tWpU4rt
Rnt5YbVatXzlCpf6ZoSxxbsGdnFy7tw5bdm2VRUqVLArwSFJR48edTl8lqQzZ8/oCl2h1NRUnTx5
0ozp5urgoYNatGRxrv3Onz+vZV987tKYG//cmGNAnclqtZaK53NOPJVLFbc87MzZM1q1ZrVbx4yL
j9OQkcP1ysRJhqur3cGanKzJU6eUmvBZYgU0AAAAAKCYCAoMUrcuXRQeFq7ExET9EB1VIhbZFCcW
i0UhwcEu988asGQ/Ny4+3mnQmNfrJCYeNLXUiKuqBVRT48aNFVC1qry8vJSUlKSt27blqQxAjRo1
VLdOXaWkXNC27duVlpb/jeIA5I/FYlF4WLhC8/A65IqExEStjY4qdTdZCKABAAAAAADcpEKFCqpd
q7a8vcvq8JEj+S4FAAAlBQE0AAAAAAAAAMAUZTw9AQAAAAAAAABAyUQADQAAAAAAAAAwhbfSqcAB
AAAAAAAAAHA/VkADAAAAAAAAAExBAA0AAAAAAAAAMAUBNAAAAAAAAADAFATQAAAAAAAAAABTEEAD
AAAAAAAAAExBAA0AAAAAAAAAMIV3uqdnAAAAAAAAAAAokbyVTgQNAAAAAAAAAHA/SnAAAAAAAAAA
AEzhLUkyXASd08poLzPmAgAAAAAAAAAosvKYGXtlK8HhejEOynYAAAAAAAAAADJdzoy9sjR5e/l4
Ox4AAAAAAAAAAKCAqAENAAAAAAAAADAFATQAAAAAAAAAwBQE0AAAAAAAAAAAUxBAAwAAAAAAAABM
QQANAAAAAAAAADAFATQAAAAAAAAAwBQE0AAAAAAAAAAAUxBAAwAAAAAAAABMQQANAAAAAAAAADAF
ATQAAAAAAAAAwBQE0AAAAAAAAAAAUxBAAwAAAAAAAABMQQANAAAAAAAAADAFATQAAAAAAAAAwBQE
0AAAAAAAAAAAUxBAAwAAAAAAAABMQQANAAAAAAAAADAFATQAAAAAAAAAwBQE0AAAAAAAAAAAUxBA
AwAAAAAAAABMQQANAAAAAAAAADAFATQAAAAAAAAAwBQE0AAAAAAAAAAAUxBAAwAAAAAAAABMQQAN
AAAAAAAAADAFATQAAAAAAAAAwBQE0AAAAAAAAAAAUxBAAwAAAAAAAABMQQANAAAAAAAAADAFATQA
AAAAAAAAwBQE0AAAAAAAAAAAUxBAAwAAAAAAAABMQQANAAAAAAAAADAFATQAAAAAAAAAwBQE0AAA
AAAAAAAAUxBAAwAAAAAAAABMQQANAAAAAAAAADAFATQAAAAAAAAAwBQE0AAAAAAAAAAAUxBAAwAA
AAAAAABMQQANAAAAAAAAADAFATQAAAAAAAAAwBQE0AAAAAAAAAAAUxBAAwAAAAAAAABMQQANAAAA
AAAAADAFATQAAAAAAAAAwBQE0AAAAAAAAAAAUxBAAwAAAAAAAABMQQANAAAAAAAAADAFATQAAAAA
AAAAwBQE0AAAAAAAAAAAUxBAAwAAAAAAAABMQQANAAAAAAAAADAFATQAAAAAAAAAwBQE0AAAAAAA
AAAAUxBAAwAAAAAAAABMQQANAAAAAAAAADAFATQAAAAAAAAAwBQE0AAAAAAAAAAAUxBAAwAAAAAA
AABMQQANAAAAAAAAADAFATQAAAAAAAAAwBQE0AAAAAAAAAAAUxBAAwAAAAAAAABMQQANAAAAAAAA
ADAFATQAAAAAAAAAwBQE0AAAAAAAAAAAU3h7egIAAABAceLt7a1GDa9S3Tp1VaFCBZUrV05Wq1XH
jh/TkaNHtP/AAU9PEQAAACgyCKABAACAHFQLqKa77uykG9u0U/DVjVW/Xj2VK1fOaf8TJ09o97//
auc/u/Tq1Ck6fuK4Q596deqqdXhrl+ewd99exWyIzdf8AQAAAE8igAYAAAAMXNOkqQY9OUAdIzuo
YoWKLp8XUDVAAVUDFNaylWbNedswgG7VsqXenDrN5TGXfv4ZATQAAACKJQJoAAAAIItKFStq/LPj
dP893eXj41Ogsc6ePeOmWQEAAADFEwE0AAAoUsqXL6+rGjRU3Tp1VLVKVfn6+srX11cpKSmyJifr
zJlkHTt+XH9v3aJz5855erooYZqGNtHsGW+p0VVXuWW8k6dOuWUcAAAAoLgigAYAAB7j7e2tm2+8
STe3u1FNQpqofr36ql2rlsqWLZvrualpqTp8+IgOJBzQpr83af3PPyt6/bpCmDVKquvDW2veW3NV
vVo1t4yXmpaq1NRUt4wFAAAAFFcE0AAAoNB1jOygezp31S033ayqVarmawzvst4KCgxUUGCgrg9v
rSf79NOpU6e07qcftWTpJ/rlt1/dPGuUZI0bXa05b77ltvBZki6mXHTbWAAAAEBxRQANAAAKzcP3
P6jevR7TNU2amjJ+lSpV1K1zV3Xr3FXbtm/XOwvma9mXn5tyLZQsb0yeqpo1arp1zIsXCaABAACA
Mp6eAAAAKPnaXH+DVi1brtdffc208Dm7JqGhenPqNK387EvdfONNhXJNFE9DBw1Ry+tauH3cFAJo
AAAAgAAaAACY6/9GjdWS9xeaEvC5olWLllr47gd6dvQzHrk+ijaLxaK+vR83ZezUVAJoAAAAgBIc
AADAFFWrVNXcmW/rxrbtPD0VeXt7a3D/gWrZooUGDR+iI0eOeHpKKCIe69FL1QLyV/c5JSVFO3bt
1I6dO3U66bTOnTsnPz8/+fn5qeYVNZSenu7m2QIAAADFDwE0AABwu6DAQH04b4FCQ0I9PRU7bVrf
oMXvfaRefXvr0OFDnp4OioBOt9+Z53MuXryoTz77VLPnzdW+A/tNmBUAAABQclCCAwAAuFW1gGp6
/533ilz4nKlJaKgWvfeBatSo4empwMPq1qmjpk2a5Omc5DNnNGDoYD0z/jnCZwAAAMAFBNAAAMCt
Zr4xXU1D8xbqFbbQkFC98epUT08DHnbLTbfIu2ze3hD46tTJ+ub7b02aEQAAAFDyUIIDAAC4zYgh
w9T+plsKNMalS5eUkJio3Xt268SJkzpzJllnz51Veb/yslgs8vevrKsaNFDdOnVVpkz+76VH3tJe
o4aN1OtvTivQfFF8XZPHGyXb47brg0UfmTQbAAAAoGQigAYAAG5xZf0r1f+JJ/N9/l+bN+mb777V
p1985tImgbVq1tKdt92u++7prmubNZeXl1eerzm4/0B98/232rJta36mjGIuKKhOnvqv/uYrk2YC
AAAAlFyU4AAAAG4xcuhwWSpVyvN5CYmJGjZqhO66t4tmzX3bpfBZkg4dPqT3F36ou+7tokf7Pa69
+/fl+do+Pj4a+/SYPJ+HkuGK6tXz1P+3//1u0kwAAACAkosAGgAAFFiNGjV0x6235fm8vzZv0l33
dtay5V8U6PpR66J11z1d9H3UD3k+N+LmWxTZPqJA10fxVKF8BZf7Xrp0Sf+L+cPE2QBjkkJVAAAg
AElEQVQAAAAlEwE0AAAosIe6P6CKFSrm6Zwdu3aqZ5/HdPTYMbfM4eSpk+o7qH+eV6l6eXmp50OP
uGUOKF58fHxc7nv23DkTZwIAAACUXATQAACgwNpcf0Oe+qempWriK5N08tRJt84jNTVV/QYP0OEj
h/N03k3tbsxzOQYUf2XLuv5f4ZSUCybOBAAAACi5CKABAECBNQltkqf+f8TEKHr9OlPmcvLUSc1/
/708nVOhfAV169zNlPkAAAAAQGlGAA0AAAokKDBQ1QIC8nRO1I/RJs0mw5z57+R5FfR1zZubNBsA
AAAAKL28PT0BAABQvDVq2EheXl55OmfjX3+aNJvLYjdu1F133Oly/5DgEBNnAynjZkWjho1ksVhU
vnx5paSkyGpN0u49e7Rn7x5PTw9OXFG9ugJrB6pqlaqqXLmyynl768zZM7ImJ+uf3bt18NBBT08R
haBWzVqqXau2qlULUBX/yrqYmqqzZ8/q+Inj2h4fp3PFuE56+fLldV3za1UtoJp8fXx08tRJJR48
qLgd8Z6eGgAAJQIBNAAAKBCLxZLnc/bu22fCTOzFbIjJUwBdt04dl/pd1bChbmp7o8vj7ti1U7/+
/pvL/XNz5223q2aNmi73X/bl50o+c8alvrVq1tIdt97mUt+LFy9q8acf59in5XUtdNcdnRTWspWu
vqqRKleu7LRv8pkz2vXPLm3860+t/nqN/hfzh0vzyEn3rvfk+PPp5+fn8ljlyvmod89HXeq7a/c/
+vnXX1weu6hp16at7rj1djVudLUaNmig2rVq53iTyWq1av+BA9oWt00xG2K1Ys0qWa1Wt86p+TXN
1PK6Fi73/3LVCp0+fdot176nS1dV9nf+sytJX333jY4cOeKW63W5q7MCqlZ1qe/hI4f19XffuuW6
2bW8roU6d7pLTUKa6OpGjXJ83UlLS9Px48e1a/c/2vT3Zn0f9YNbnsPOuPpclKSoddHad2C/Q/uV
9a/Uo4/01M3tblSjqxqpXLlyDn0OHjqoWXNm68PFHxVovgAAlHYE0AAAoEDKli2b53MuXrxowkzs
HUg4kKf+FcpXUPny5XNdxdfi2hZ6ecJLLo+7ZOknbg2gn+zTT63Dwl3uH73+R5cD6EZXXeXy55ZT
AP3w/Q+q58M9dG2z5i6vjq9UsaKua36trmt+rR7v9Zg2bd6kue/N16qvVrt0vpHRI0a5fGMhN5ZK
lVz+2ixb/kWxC6CvrH+l+j3+hCJuvkX169XP07kWi0VNQkPVJDRU993TXeOffV6//f67PlyyUFHr
3FNup1bNWnl63p1OOq0vV64o8HWrBVTTtMmvy8fHJ8d+vr6+eue9+QW+niRNnvhyjjdrslr6+Wdu
DaAtFouefLyv7rztdoUEh7j8/C1btqxq1KihGjVqqO0NbTSwX3/9s3u3Vn+9Ru8smO+2mwGZ8vKz
MOTpYXYBtMVi0bhnnlP3rvfkehOqdq3a/8/efYdFeaZtHL4Qho5jBBFUQEUFe8VeE1tieqIxiWm7
KaaZXjbl22yaMTG9997Lpmhi772AHSxgQQUUlKEjKN8fLkakzPtOAZXfeRx7bGbmfgpZM0uueeZ+
1KplS4f3CQAAjqMHNAAAcIojwUK7tm3dsJOK0jPMnUb08PBQi2bN3bSbs4/FYlFgQECF5/r16asZ
v03X1MkvqluXrqZbs5Tz8PBQt67d9O7rb+mT9z5UcONgV2wZVYhsEaEXn3tBs6f9pRsnXG86fK5K
gH+Ahp97nr786DNN//k3DRs81Ok55y2cr5ycHMP1vXr0cnpNSRpz/gV2w2dJGjxwkEvW690rznD4
LMllH3R4eXnp7ol3atHMebp/0r1qH9ve4X9+y0W3bq177rxbS+Ys0H133+OSfToiMPDvb0H07N5D
M3+brmuvutrENyDK3LMxAADqEU5AAwAAp6SbvOxPkoYOGqLlK1e4YTd/25K0RVddf42pMfSyNSc0
tKnydqZIkh65/0FNvPk2Q2GdUR4eHho1fKTaRrfRjbf9U8kpKS6bG9JN192gR+5/yKE2OkZ169pN
n3/4iab9NV1PPv2Usg5lOTRPaWmp1m1Ybzjo7dKps0PrnGqIwfV6du9p6BsU9vTt3ddwbVFRkWbN
m+PUepLUJ663Xnz2BbWJjnZ6rqo0PqexHrznfo0eMUoPPfaINmza6JZ1qlP+QdnQQUP0zmtvmgr4
JamsjAAaAABnEUADAACnJG1NUk5Ojho2bGh4zEUXjNErb76m4uJit+2ruLj4jGuDcKY5p1Ej+fj4
6NUpU3XJhRe7bZ3WrVrry48+0xXXXMWHBC4QGhqqKc88r5HnjaiV9Tw9PXXJhRera+cueuDRh7Vi
9UqH5lmxeqXhADo2JkY+Pj5Ov8cYbXcTFBio0SNGOt32o1uXLoZrN23Z7HSv7bsn3ql775pkqh+6
ozp16KhvP/tKjzz5mKb9Nd3t65UL8A9Qpw4d9cbLr5oOnyWJ/BkAAOfRggMAADhtR0qyqfqoyCj9
+7En3LQb1Bar1aoP3nzXreFzuajIKL324stuX+dsF9kiQt99/nWthc8naxnVUp9/9KnGjL7AofGz
TZz29ffz14B+/R1ap9zI80ao8TmNDdcPGzLMqfUkqUNsB8O1q9asdmqtV154SY8++HCthM/lGjVq
pDemvqrLLr6k1tYMCgrSay++7HArn2PHjrl4RwAA1D8E0AAAwGlLVywzPWbC+Gt1x60T3bAb1JaH
73tQw889r9bWG9h/gG667oZaW+9sE926tb757EvFtG1XZ3sIDAjQG1Nf1RWXXGZ67JbExAqXydnT
z0Q7i6qY/bPdN66PU+tFRUapRXPjfegXLF7o8FqvT31VV105zuHxzvDx8dFLz03RiHOH18p6l118
idrHtnd4PC04AABwHgE0AABw2o+//KTSo6Wmxnh6euqxhx7VC08/Jx8fHzftDO7UuWOnWl/zjlsn
8ufFAVarVR+/+6FatWxV11uRr6+vJj/znIYMHGx6bHxCvOHarp2Nt7OoitlAuXmzZuoT19vh9QYP
HGT44r/MrCwtXW7+gz9JmvLsZF156eUOjXUVPz8/vfjsZEW2iHD7WmZOsQMAAPcggAYAAE5LTknR
goXmT+N5eHjoumsmaMZv0x3+Wj7ql2bhzXTd1dfW9TbOOK9Omaq20W3qehsnBPgH6PWpryoqMsrU
uGUrlhuubR8ba3ZbJ3Rs30GtW5kP60ePGOnwmj26djNcm7A+waE1rr3qal171dUOjXW10NBQvfjc
C3W9Dbs4AQ0AgPO4hBAAALjEa2+/qaGDh8jLy/yvF+3atNUHb72r1WvX6OPPP9Uff05zww5Rmw4c
OKDNSVu0c9cuZWdnq6S0VI2sVgU3bqzYmFi1a9NW3t7eDs194flj9NFnn9it+/jzT9WohkvHbrru
BsOXkuUX5OvDTz42VLs5cbOhutoy6fa7NGq4Y8FoaWmp4tclaG1CvHak7FBW1iEdPXZU51gbqXWr
1urWtavievZSgH+A6bmbhIRo6vNTNHbCeMNjZsyepeeeekYWi8VubeNzGiuuZy+tXrvG9N7GjL7A
8Gnkk/Xv63jf6Q7tjfd/XrHK/EWOXTt30ZOPPu7Qz5Wbl6e1CWu1eu0aZWRkKOPgAQUFBikkOFgx
7WIU17OX2ka3MT33oAEDNX7sOH334w+m91RbCKABAHAeATQAAHCJhPUJ+vr7b3TDtdc7PEdcz16K
69lLD9xzn36b9ru+/eF7pWeku3CXcLfVa9foo88+0bS/ptdYF9kiQrffcpvGj73KdBDdvVs3hYeF
Ky09rca6Dz/9qMbXx11xpeEAuri4WC+9duZdghjZIsKhXuulR0v1x/TpeuOdN7Vtx/Yaa0NDQ3Xr
TTfr+msnmA6i+/ftp4k336r3PvrAUH3WoSxtSUo03F6jf99+DgXQjl5g2D4mVpEtIkz1qpaO98Y2
ekK9rKxMs+Yav5Cx3P899oSCgoJMjSksLNS3P36vqa+/IpvNVmPtiHOH6967Jqlbl66m1rj3znv0
039/UWmpuTZOtaVMBNAAADiLFhwAAMBl/vP8s0pMSnR6nrbRbfTgPfdr6dyF+vrTL3TDtdcbDgpR
N3Jzc/XEf/5Pl151hd3wWZL27E3Vv/79hCZOulM5OTmm1vLy9KrVyw/PZI8++LDp0DHrUJZun3Sn
7rp/kt3wWTp+2v3ZKc/r8vFjtXX7NtN7nHjzbWoSEmK4fk38WsO1ZsNQ6fjJ7C6dOpseJx3vbX/h
BWNMjxs0YKDh3ubJKSlK2Zliav4rL73cdE/r9Ix0XXX9NXry6X/bDZ8lafa8ORpz+cX65ofvTK0T
0aKFrr9mgqkxrnDgwAH9Pv0PPffiZF138406/9IL1W/oQA0bPVwXXXmp/jHxFj313NOm2r4AAICq
EUADAACXKS4u1h333q39aftdMp+vr6+GDhqi5//zjNYsWaHvv/hGd952u5o3a+aS+eEahw4f0j/v
uFWffvm56bEz58zScy+Z7wPbrbP5YLG+6d0rTmPON9db/WBmpm689Z/6c+YM0+tt2rJZV113tTZu
3mRqXJOQEE26427D9QsWG+8336lDR1N7kY6333C0PYwkDeo/0PSYuJ5xhmvj1xm/iFGSvLy8dN/d
95gasz9tv6696XqtNXHpY7mHHntEX3//rakx14wz3obFWbtT9+jxp55U3OB+uv2eu/TOB+9p3oL5
2rBpo/bsTdW2HdsVvy5BM+fM0oeffqxFSxbX2t4AADhbEUADAACX2rZju2696w4dzMx06bz+fv4a
2H+AHnvoUS2bt1i//fCL7r1rklpGtXTpOjCnuLhY9zx4n5YuX+bwHF99+7XpoMuRC+LqmxsnXC8v
T+Md944cOaL7H3lA8escu+BOOh5g33rnRNMfQl160cWGT2rPWzBf2dnZhmqbhTdTuzZtTe1lyKDB
pupP1bNHDwUGmGtFYubE9ZJlS03NfdUVY029T5aUlOiRJx9T0ratptY52ZNP/1tbEo1/GyY2JlY9
u/dweD2jpv01XedfeqE+++qL07blBwAAZyMCaAAA4HIJ6xN07U3Xmf6auFFeXl7q1aOnHrr3AS2Y
MUfff/GNrh57lUMXIMI5b7//ruYtXOD0PP/9/VdT9eFh4U6veTYLDQ013abk0y8/d8n/lnv2pmrK
yy+ZGtP4nMa60UT/+HUb1xuuNRso9+rR01T9qQL8AzR6xChTY2JjYgzVFRUVadY8c/2fx15+pan6
r777RvMWzDc15lTFxcV6+Y1XDdd7eHjoiksvc2pNe37678+67e47DLUTAQAArkUADQAA3GJz4haN
nXC1qa/LO8JisWhg/wGaOvlFrVmyUv9+7AmFNQ1z65o4btuO7Xr9nTddMtdfs2aqrMz4ZV+NG5/j
knXPVtdfbe5CwLT0NJdesvjTr7+YPqk7cvgIw7UrV682XNu9azfDtaOGj1Tjcxobrq/OsCFDDdf2
7N5D5zQy9ud505bNys3NNTx3ty5dTZ0sttlsev3tNwzX12TG7JnatGWz4freJtqQmLVh00Y9/MS/
3DY/AACoGQE0AABwm/SMdF170/V6evKzys3Lc/t6TUJCdOs/btHCWfP08uSXFBUZ5fY167Odu3a6
7Gvs6Rnp2p+WZrg+wD/A9OV69YnZU7/f/fiDCgsLXbqHKa+8ZOpDhS6dOxtuFTFrzizDc3fq0Mnw
Hs4bdq7h2pr0iettuHZA3/6Ga1etMR68S8dbmzRoYPxf+X75/VeXtk+aO3+e4dq2bduauozSqKNH
j+qZF55TcXGxy+cGAADGEEADAAC3e//jDzXm8os0fcafOnr0qNvXCwwI0Pix4zTzt+l6/OF/me7H
irpx6PAhU/WuOKl6Njqn0TmmLt8rKirSV9994/J9xK9L0ObELYbrvTy9NOLc4YZqk7Zt1Z7UPYZq
W0ZFGf5WRL/efezWGLlkMTwsXP379jO0ZpfOXQzVSdL8ReZapJi53FCSfv71v6bq7Zm7wHgA7eXp
pcEDBrl0fen4n5VlK5a7fF4AAGAcATQAAKgVySkpuvWu23X1jRO0ZNlSHTt2zO1rBgUF6Y5bJ2rO
9FmGgy3UnfyCfFP1QYGBbtrJme38kaPk7e1tuD5hwzqlZ6S7ZS8z58wyVd+rh/F2EWsTjF2W6Onp
qaGD7Z8I79Sho1q1tH+55YuvvKSCwgK7daOGjzS0vw7t2xuqy8zKMhWkBjcOVodYY3NLx9+jE9Y7
fgFlVdYmxJv6YCmmnbFe2GbUxv/XAACAmhFAAwCAWrV0+TJddf01uvzqsZo+4y8dOXLE7WtGtGih
j959X8899QwXFZ7GjhSb+7Pg6enppp2c2bqZ6HksSatM9FM26+df/2uqDUf7GOOB6bIVywzX9uxu
/2LBMaPPl4eHR401aelpmrdwgeINhN/9+9g/AR3RooUiW0TYrZNkOhweNniIqQ8i4tfFm5rfqAMH
Dhiubd2qtVv2AAAA6hYBNAAAqBOr167RrXdN1JCR5+rN995WckqKW9fz8vTSjROu17effWX4wi/g
TNTKYB/lcmsS1rppJ9LuPbtN9RRu3qyZ4doZs2cZ/gCrS6fOdmsG9Btgt2bFqlWSpIVLFtmtjY2J
sdvTesjAwXZD77/XXmmorly7tu1M1W9JSjJVb1TGQeMBdHjTpm7ZAwAAqFsE0AAAoE7t2ZuqF6a+
qMEjh+m6m2/UT7/+oowDGW5br3/ffvrpm+8VHhbutjWAutSiRQvDtaVHS7Vq9So37kZK2WX8wyVf
X191NdgT+XD2YW0x2GO6bXSbGnvBNwkJUeeO9i8rnLtgriTpt2m/q/RozRdwNmjQQBedP6bGmu5d
u9tdU5LKyso0a+4cQ7XlWkaZu4R167atCm4c7PL/5OUZb63TqFEjU3sGAABnBr6DCgAAThvzFszX
vAXzJUnDzz1P548YrQH9+ivCRKBmRGy7GH30zvsaf8O1ys3NdencQF1rZuLDlaysLOXlm+u9bVZy
Sor6xtm/3K9cy6iWWr9xg6Ha1fFrDLUc8fHx0ZBBQzR9xp9Vvn7h+WPstqvIzc3VnzNnSJL27d+v
TZs22V170ICBevO9t6t9vVNHY5dFJqekKGWnuW+JtGhu7n3zm8++NFXvDnw7BQCAsxMnoAEAwGlp
zry5euBfD6nv0AG64upx+uyrL7Rr9y6Xzd+tS1e9/tIrLpsPOB2ENQ0z1efcTHsMR2VnZ5uqDwkO
Nly7YJH9VhjleveKq/a1wQMH2R2/On6tiouLTzxetGyJ3THdu3VTUFBQla/5+fmpbXQbu3NI0loH
2qQ0Pqex6TF1zc/Pr663AAAA3IAAGgAAnPZWrF6px596UgPOG6Jrb7pe//39N5ecXB41fKSuu2aC
C3YInB4aNzZ3grQ2vgGQl5dnqt7MKdgFixfq0OFDhmqr6wPt5eWluJ697I5fdErf5z/+nGb3gkV/
P3+dP3J0la8NHjBIPj4+dteVjl/eapavr6/pMXXNYrHU9RYAAIAbEEADAIAzyoLFC3XX/ZPUb9gg
vfTay9q7b59T8z183wN87RtnDWtDq6n6vHxz4bAjcvPMhdxGQ9ly6zYYa9fRPia2ytPhI849z+57
QElJif74c3qF57YkJmp78g676w4bPKTK542E3pJUVFSkWfPM9X+WzswA2sPDo9oT4wAA4MxFAA0A
AM5Ih7MP67W33tDgkcP0wtQXlXUoy6F5Gp/TWLfdfIuLdwfUjYAaLtqrSklJzRfpuUJ+QYGpek9P
T1P1K1evNFQXFBSk/n37VXr+vGHn2R27cfMmpWekV3reyMnkPnG9q3y+uhPZp9q0ZbNDJ9X9zsAA
WpK8LTX34gYAAGceAmgAAHBGKy4u1pvvva2RF12gufPnOTTHuMuvdPGugLpRajJQLis75qad/M3e
5X6natDAw1T9zNmz7LbCKNevd+XLEKt67lSLl1bd7/mvWTPsjm0a2rTKHtPtY2PtjpWkVWtWG6o7
VYMG/KseAAA4PfBbCQAAOCukZ6Tr+ltu0k///dn02KahTTV6xCg37AqoXYVFhabq/fz83bSTv/mY
DKALCsz9DNuTdxi+oLRL5y4VH3fqrJZRLWscU1ZWpmkzplf52tLly7Q/bb/ddUeeN6LC4+5duxu+
JHD+ogWG6k51rBY+XAAAADCCABoAAJxV7nnofi1fucL0uFHDR9gvAk5z+fn5pur9/f3ctJO/Wa3m
+lLnF5j7GSRpbUK8obqO7TtWeHzB6PPtjtmRkqwtiYnVvr5sxXK7c5x6ynpAv8qtQKpyMDPT0PxV
OXLkiEPjAAAAXK3yLRwAAABnuH8/+x/9/uN/TV3CFdMuxo07AmrHvv37VVZWJg8PY20s/GvhBLTZ
Sz7z8swH0EuWL9OVl11ht65JSIi6du6i9RuPX1w4oG9/u2OW2wmAZ8+ba3ftdm3bKbp1ayWnpEiS
unTqUmN9uXUb1hmqq0rJkRLJ4OcLRUVFmu3ARYfuUFxcVNdbAAAALkYADQAAHNK1cxd1iG1vuD43
L0/T/qr6a+yutjlxi1atWV1l39XqtIyMcuOOgNpxOPuw8vLyFBQUZKjebDjsiPCwcFP1BzMPmF5j
1tzZKi4ulo+Pj93agf0HaP3GDQoNDVXnjp3s1s+cM7vG12fMnqnD2Ydr/HvZoEEDjRk9Rm+886Yk
qWN7Y++dK1YZu2CxKjm5uYZPn1ssFj30+KMOXXYIAABgDwE0AABwyLAhQ/XQvQ8Yrj+YmVlrAbQk
LV62xFQAbbVaFRoaqgMHzIdfwOkkMyvTcADdLDxc5zQ6R4ezD7ttP82bNTNVX3462QybzabNiVvU
o1t3u7XdunSTJF04+gJZLJYaaw8cOKAFixfWWFNaWqqVq1fZ7SM/eMBAvfHOm2rerJkiIyLt7rOs
rEyz5jp+Kvlg5kFFtGhhqNbT01NdOnXW0uXLHF4PAACgOvSABgAADrHZbKbqG5nsA+us8q+6m9Ek
OMQNOwFq1+7UPYZrPT09Fdezlxt3I7Vu1dpw7eHsw9q33/6lflVZvXaNobpOHY/3gTbyAdXyVcb6
yc9fVHNILUndu3aT1WrVkIGD1aCB/X8NS05JUcpO8+9j5dLS003Vm/lGCwAAgBkE0AAAwCGHs7NN
1VssFlNBlLP27ttreoyhr6uXlZma02gvXsBVtu/Ybqq+a2dj/YgdMbD/AAUGBBiuT91r/p/bcvZO
KpeLaN5CrVu1VlwP+8H7vIULDM35x5/TVFhYWGONr6+vxow6X90NnNKWpLUJaw3VVSc5ZYep+v59
jV2MCAAAYBYBNAAAcMiWxC2mx4waPsINO6mamQsIy5WWltqtOVJSYmpOfz+Dt4ABLrJug7kWFkMH
D3HTTqThw841Vb9+w3qH11q0ZLGyDmXZrfPw8NAdt05Uo0aNaqzLy8/XjFkzDK1ts9kUvy7Bbt3Q
wUPUqUNHQ3MuWb7UUF114teZu8CwX+++hnpoAwAAmEUADQAAHLJtx3ZlHMgwNWbQgIFu2k1lLZob
6316smwDp7qLiopMzRkYEGh6H4Az5sybo4LCAsP1nTt2Umy7GLfsZdjgYabqFy5Z5NR6CQZD18su
usRuzdqEtcrLzze8tpG99+7VW+3atLVbV1RUpNnz5hpeuypLli9VfoHx/QcFBemqK8c5tSYAAEBV
CKABAIDDErcmmarvG9fH8Ok/Z5nta1tSUmKod66RE5Yna968ual6wFl5+flab+IUtKenp64eN97l
+xhx7nC1iY42XJ+bm2u45UV1VqxeaajOyDckFi42F4b/Pv0PlR6t+VsUTUJCDK29actm5ebmmlr/
VIWFhVobH29qzG3/uFleXtxTDwAAXIsAGgAAOGyBgYu3Tubj46NHH3zYTbupaJjJtgJpGekqLi62
W5eyc6epeVtGRrnsa+1+fn5q3oxAG/bNnjfHVP34sVe5vEf77bfcZqp+yfJlhv4ZrMnMObNVZrJP
e1VKj5Zq2l/TTY1J3btXmzZvdnptSVq1ZrVL5jEb6LeMaqnbbzb3v5tZU56drLsm3uHWNQAAwOmF
ABoAADjs2x++k81mMzVm6KAhmnjzrW7a0XGT7rhbLaNamhqTZPA09+HswzqcfdjwvL6+vhp72RWm
9lKd++++V82bNXPJXDi7ffPDd6ZO0AYGBOjRB1z34dCE8deoT1xvU2O+/u4bp9dN2Zli+kOiqmza
tEn79u83PW7xsiVOry1J8xc5dxK83Hc/fW+otdDJJt15lwb06++S9U91/6R7NWH8NXr0gYf14D33
u2UNAABw+iGABgAADsvLz9esubNNjfHw8NC/HnpEN1x7vVv2NKBff91h8uSlJC1bscJw7Z7UVFNz
X3Hp5Wa3U8kFo0brlpv+6fQ8qB9yc3M1Y/ZMU2MuGDVaE66+1um1O7bvoH89+IipMYlJiS4LXdcm
rHV6jiXLlzk07o/p05w+gX0wM1PLVix3ao5yubm5mj7zL1Nj/P389fpLr7j8RPy/HnxE9999r6Tj
/z9w712T9MQjj7l0DQAAcHoigAYAAE559a03TPcq9fL00tP/92+99PwUBQUFuWwv5w4dpg/fes/0
nPkF+fr1j18N12/dttXU/L17xekf199oaszJLr3oEr364iuyWCwOz4H6541331ZhYaHheg8PDz31
2JO61MAFfdVpG91GH779nho1amRq3JffOn/6udySZUudGl9WVqbpM/50aOzmxC3akZLs1PoJ6xOc
Gn+q9z76wNRlhJIUHhauH778RgP7D3B6/eDGwfr43Q9018Q75OHhceJ5Dw8P3X7LbXruqWecXgMA
AJzeCKABAIBTdu/ZrQ8//dj0OC9PL10zbrxm/zFDt99ym6xWq8N7CGsaplenTNWn73/k0Dyz587R
wcxMw/XLVxm76Oxkjz/8L11pshVHcONgvfT8FL0+9RUFBgSYXhP1W8rOFP3yu0u+DSsAACAASURB
VPEPVqTjfcZfnTLVofYIo0eM0g9ffquoyChT49ZtWK/Pv/7C9HrVmTVvjoqKihwev3PXTm3YtNHh
8UsdPD1dbuXqVU6NP1XKzhR98/23pseFh4Xrs/c/1n133yM/Pz+H1r7h2us18/fpGj1iVLU1N064
Xq9OmerQ/AAA4MxAAA0AAJz2+jtvav3GDQ6NjWjRQk888phWLliqD956V7ffcpt694qzO6571+66
+cZ/6OtPv9CyeYs07oqx8vL0Mr1+YWGhXn/7TVNj/po1Q7l5eabG+Pr66pUXXtKHb79f48/n4+Oj
C88fo9dfekVL5y7UNePGO/RzAZI0+aUp2p9mrpext7e37rv7Hs2dPlPXXTPB7iWagwcO0qfvf6QP
335PoaGhptY6duyYXnr1ZVNj7MnNzdWmLY5fBrhspfF2PFX502TLi5OVlZVp1lxzF0ga8fIbr2nn
LvO9sf38/PTgPfdr4cx5hnvrt2vTVg/d+4CWzl2o5//zjMLDwu2OGXfFWL37+lum9wcAAM4M/NsM
AABwWmlpqW6/5y79/M33hsKGqgQFBWnM6As0ZvQFkqSCwgLl5OQoP79ABYUFOnr0qPz9/eXn66fG
jc9RgL9rTgR//vWX2rZju6kxubm5Wrx0iS4YNdrUOE9PT10warQuGDVaGQcytG//ftlybPJs4Clf
X1+FNmmi8LBwu4EfYNTh7MN6dspkvfXK62rQwNzZk9iYWL3w9HN6/KFHtTlpi3bv3i1bjk2lpUcV
GBCg5s2aq31srJqFO34x5rc/fq8Fixc6PL46q9asVq8ePR0aO3uecwHw0uXLtD9tv0N/X5JTUpSy
M8Wp9auSm5urR558TF99/Lm8vb1Nj2/erJkeuf9BPXTv/dqRkqydu3bq8OFsHc4+LC8vTwUEBKpZ
eLhaRkYpKjKqQqsNo+J69lJoaKgOHDhgeiwAADi9EUADAACX2L1ntyY9eJ8+efdDl/R19vfzl7+f
vwt2Vr34dQmaPHWKQ2M/+eJTnT9ylENBiyQ1DW2qpqFNHRoLmPHbtN/VrUsX3fqPWxwaHxQUpL5x
fdQ3ro9L95WwPkGP/fsJl85Zbv6iBbrj1ommxx3MzNSceXOdXn/ZyhW60oHLR11xgWJ1li5fpimv
vKQnHnnM4fetBg0aqF2btmrXpq1L93bkyBE99NijhM8AAJylaMEBAABcZtmK5frH7beY6qdcV3bt
3qU7771bpaWlDo1fvnKF5i9y/clNwB3+8/yzTp/sdaX0jHRNevB+h//5s2fZiuUOvQ+tWuOa/suO
hthLljt3gaI97330gT745CO3rmHW0aNHNXnqi5q/aEFdbwUAALgJATQAAHCpZSuW69qbrnOo32ht
2bV7l2667Wbt2Zvq1DzPTH7WdC9oZ5WVldXqejh73Hb3HW5pd2FW6t69uu7mG93SauJkCesTTI+Z
t3C+S9b+a9YMZWdnmxpTVFSk2S44fW3P05Of1QeffHhavJccPXpUz704WR988mFdbwUAALgRATQA
AHC5zYlbNOaKS/TTf3/WsWPH6no7FayJX6srrx1vuu9zVbbt2K5nX3iu1oKcvPx8ffTZx7WyFs4+
xcXF+sfEWzR9huOX5DkrZWeKrvvnDdqSmOj2tVasWmmqvqCwwGV/b0pLS7XS5GnqTVs2Kzc31yXr
2/Of55/Vi69MVUlJSa2sV5X8gnw98fS/9f7HhM8AAJztCKABAIBb2Gw23fPQ/brzvknatXtXXW9H
R44c0TsfvKcrrhmntPQ0l8371Xff6LW33nB7CH04+7AmPXCvVq52TYsA1E/FxcW69a6Jmvr6Kzpy
5EitrVtWVqbfp/+hi8deru3JO2plzRmzZ5n6AGxtfLxLA+B5C821lFi1ZrXL1jbijXff0j8m3qx9
+/fX6rrS8csWr75hgr74+staXxsAANQ+AmgAAOBWv0//Q0NGnaenJz+r1L17a339srIyLVyySJdf
PU7PvTjZLT1np77+ip57cbKKi4tdPrckJSYlavz112rmnFnKttncsgbql1fffF3jb7hWGzZtdPta
GQcy9PDjj+r2e+7S4ezDbl+v3O49u5Vsos3H4mVLXLr+H39OU2FhoeH6uuiBPG/hAp1/6YX6+vtv
a+UDibz8fL374fu64LILtTYh3u3rAQCA0wMBNAAAcLvS0lK9//GHGjLqXD327ye1fNUKlR51z+Vj
5Y4cOaKZc2bpmpuu0zU3XudQP1gz3v3wfU345w3auHmTy+a02Wx64503NfrSC7Vpy2ZJ0uHDtRfg
4ey2cvUqnX/phXr8qSfdcir5YGamXn3zdQ0eMUzf/PCdy+c3Ym28sZCz9Gip/pg+zaVr22w2xa8z
9r5zMDNTy1Ysd+n6RmUdytLDjz+qy8ZfqT/+nKaioiKXr5GTk6Mffv5Roy6+QM9OeV55+fkuXwMA
AJy+vOp6AwAAoP4oLi7W519/oc+//kLRrVvrysuuUFzPXurUvqOCgoKcnt9ms2nTls1asHihfvnt
V6VnpLtg18YtW7Fcoy8Zo/Fjx+nqsePVrWtXeXma/3Vr247tmjlnlj785GNlHcqq8FrGgQOu2i4g
Sfrsqy/02Vdf6OIxF+miCy7UwH791bBhQ4fmKiws1Kq1qzV77hz99OsvtdbTuDqLly3R+LHj7NZt
SUx0+lLSqixcskgD+vW3W+fuD8iMWLdhvSZOulORLSI0fuxVGjp4iDp16ChPT0+H5isqKtKmLZs1
d/48ff7Nl7Lx7Q0AAOotj2bRkXV//TEAAKjXvLy8NHjgIHXu2EktI6MU0SJCoU1C5e/vJ19fX/n6
+MrT01MlpSUqLSlVfkG+Dmdn69ChQ0rdt1c7d+3Uug3r6+wEYXWiIqN0/shR6tKps6IioxTapImC
AoNksVgkHT+lnV+Qr4wDB7Rv/35t2rJZi5Ys0roN6+t456jPvLy8NKj/QPXp3VttWrdReFiYQps0
kb+fv3x8fOTh4aGCwgIVFBQqLz9P+/bt09bt27QlaYsWLFpUq2024F5hTcM0eOAgde/SVREREQoL
barGjRvL18dXPj4+kqTCokIVFhYqJydHqfv2atfu3dq0ZbNmz5tD6AwAACQRQAMAAAAAAAAA3IQe
0AAAAAAAAAAAtyCABgAAAAAAAAC4BQE0AAAAAAAAAMAtCKABAAAAAAAAAG5BAA0AAAAAAAAAcAsC
aAAAAAAAAACAWxBAAwAAAAAAAADcggAaAAAAAAAAAOAWBNAAAAAAAAAAALcggAYAAAAAAAAAuAUB
NAAAAAAAAADALQigAQAAAAAAAABuQQANAAAAAAAAAHALAmgAAAAAAAAAgFsQQAMAAAAAAAAA3IIA
GgAAAAAAAADgFgTQAAAAAAAAAAC3IIAGAAAAAAAAALgFATQAAAAAAAAAwC0IoAEAAAAAAAAAbkEA
DQAAAAAAAABwCwJoAAAAAAAAAIBbEEADAAAAAAAAANyCABoAAAAAAAAA4BYE0AAAAAAAAAAAtyCA
BgAAAAAAAAC4BQE0AAAAAAAAAMAtCKABAAAAAAAAAG5BAA0AAAAAAAAAcAsCaAAAAAAAAACAWxBA
AwAAAAAAAADcggAaAAAAAAAAAOAWBNAAAAAAAAAAALcggAYAAAAAAAAAuAUBNAAAAAAAAADALQig
AQAAAAAAAABuQQANAAAAAAAAAHALAmgAAAAAAAAAgFsQQAMAAAAAAAAA3IIAGgAAAAAAAADgFgTQ
AAAAAAAAAAC3IIAGAAAAAAAAALgFATQAAAAAAAAAwC0IoAEAAAAAAAAAbkEADQAAAAAAAABwCwJo
AAAAAAAAAIBbEEADAAAAAAAAANyCABoAAAAAAAAA4BYE0AAAAAAAAAAAtyCABgAAAAAAAAC4BQE0
AAAAAAAAAMAtCKABAAAAAAAAAG5BAA0AAAAAAAAAcAsCaAAAAAAAAACAWxBAAwAAAAAAAADcggAa
AAAAAAAAAOAWBNAAAAAAAAAAALcggAYAAAAAAAAAuAUBNAAAAAAAAADALQigAQAAAAAAAABuQQAN
AAAAAAAAAHALAmgAAAAAAAAAgFsQQAMAAAAAAAAA3IIAGgAAAAAAAADgFgTQAAAAAAAAAAC3IIAG
AAAAAAAAALgFATQAAAAAAAAAwC0IoAEAAAAAAAAAbkEADQAAAAAAAABwCwJoAAAAAAAAAIBbeNX1
BgAAUky7prrkwi7q3LGZOrQPUyOrn/LyjihpW7oSk9L16x8btGnzfpUePVbXWwUAAABwCqvVKouX
1/H/tnhLkho1tMrLcjx2sTa0yttiOVG/eNkSZWZl1cleAaC2eTSLjiyr600AQH3VLNyqZ/7vQg0a
GC0vT88aa9fG79ETz0zTjh0HdZQgGgAAAKh1/n7+8vf3U0hIE1mDGso/wF+NrNa/CwwmLNNm/KmS
khL3bBIATjME0ABQRy65sLMee3CUQpoEysPDw9CYvLxiTX19jr7/KV7FxaVu3iEAAABQv1ksFoU3
DVNISIjCw8Ll7f2/U8xOJCkFhYWaOWeWazYIAGcAWnAAQB245MLOev4/l8jPz2K/+CSBgT566vEx
atCggb79YQ0hNAAAAOBiVqtVIcHBCg8LV5OQkIphswuO8NlsNucnAYAzCAE0ANSymHZN9exTF5kO
n092/93nKmlbhlav2U07DgAAAMAFQoKDFRsTWzF0NhA4Z+fYlJOTo/yCAhUWFKigsECSlJ9//K/7
xvVReFhYhXoAqE8IoAGglj1873D5+DgePkvHT0I/MOk83XzH17LZCl20MwAAAKD+qRQ81xA6p6Wn
KzvHJpvNpoLCAkOnmf38/So85gQ0gPqGABoAatElF3VRv76t5OXZwOm5enaPUL/eLTV3wTaVlBx1
we4AAACA+sNqtapPr94KCPCvNnguKCxUWnqaDmZmKi09zaF1GjW0VnhcfkIaAOoLAmgAqEVxPSLl
6YLwudyY8ztp6YoUAmgAAADAhNiYWLWPiakyeC4pLdWOlGTt2bPH6bDYarVKHhXX4AQ0gPqGABoA
atGwIe3k5eW6AHrwwLby8fZSropdNicAAABwtvL381ef3r2Pn0quJnhOTklWSUmJy9Y7eR36PwOo
jwigAcBFmjezqnn4OfI4KV9eE7+nwiWBgYG+8vDwcNmaQYE+lebr3rWFvL3/fntPy8jR/n3ZKuWy
QgAAANRjVqtVA/sNkLel4n0sJaWlStqWpN179rgseD55zZNx+hlAfUQADQBOuvTCLrrx+r7q1KGZ
GjSoHC7PW7BNn3+1QkdKjsrL03Xhc7me3SN0OLtQV13ZU+eP7CAfn8pv7dt3HNDX363WT/9dp4LC
Iy7fAwAAAHA6qy58zs6xaeWqVW7ry9wkJKTC44JCLhAHUP94NIuOrOF+VwBAdXr3aqkXnrlYUZGN
DZ1q3rffpvCwhlWG1M7Ytv2AWrcKMdTaIy3dpmde+EvzFmzXkSOlLt0HAAAAcDqqLnxO3LZVSVuT
3Lr2yPNGKMDf/8TjxcuWKDMry61rAsDpxnWNSAGgHrn84q766pMb1DIq2HBLjebNrC4PnyWpXdtQ
w32lw8Oseue18brumjj5+3m7fC8AAADA6cRisVQZPq9NiHd7+GyxWCqEz5Jky8lx65oAcDoigAYA
ky6/uKteeO4Sl14mWNsef3i0rrmqFyE0AAAAzmoD+1cdPu/Zm2p6rvCwcFP11oYNKzwuKCx0eY9p
ADgT0AMaAExo3tyqfz08Sp4NPOt6K067+46hWrsuVRs37uOCQgAAAJx1enTrrkYNK14CuGHzRlPh
s9VqVXSr1goPC5e3xaINmzcqOSXF8NiTuavPNACc7s7c43sAUAfuvn2oGln9ZLDrxmktKNBHt9zY
X0ENfet6KwAAAIBLhQQHKyoissJzaenphsPjkOBgDew/QOcOHqqoiMgTp6hj28XKcsqJ6uo0CW5S
4fHBzExD4wDgbEMADQAGNW9u1eUXd5On59nz1jl6ZAdFtwqR11n0MwEAAACdO3Wu8Dg7x6a16+Lt
jvP381ffuD4a1H+gmgSHVHrd22JR546dDO0hODi4wuOsLAJoAPUTiQMAGDR8WOxZcfL5VIMGtJGf
n7FTHAAAAMDpLrp160qtNzZu2mi3/3J4WLiGDRmq8LCwamuyc2xK3mn/FLXVapW3d8XfsTkBDaC+
IoAGAIOOB9BnXwI9aEC0fH0JoAEAAHDms1gsim0XW+G53al7lJmVVeO4Lp06q29c70oXFp4sO8em
JcuWymaz2d1HSHCwVPb348xDNa8PAGczLiEEgNPE1u0HNHd+kvakHlLqvmyFhTZUixaNdO6QGHXs
EE6bDAAAAMCOyIiICiFySWmpNm7eVG29xWLRwP4DKp2YPlV5+GzvFHU5+j8DwN8IoAHAoKAgX7e0
4Phj+kY99+JMHczMU1lZWaXX33xnoQIDffTQfcM17vIe8vHhrRsAAACnH4vFImvDhlW+VlBQqILC
ArfvIbpVdIXHO1KSawyN+8T1ths+p6Wna+26eMPhs1S5/3Nm5kHDYwHgbEOKAQAG5eYWqaxMLguh
09JtmvTgT1q3fq+OHj1WY21eXrH+/cx0ffPdar364hVq2yb0rLoMEQAAAKe/8oDZarUqwD9ADRs2
lLWhtca2FVU5mJWpgoICFRQWKi09zVBLCyMiW0QowN+/wnPJKcnV1vfo1r3KiwZPtjt1j+LXJZja
R3hYeKVT2PZagADA2YwAGgAM2peW7bK5tm7P0E23fqWMA7lVnnquftwBjbvuE33w1jXq1TNCXp6e
Tu8lLT1HpXYCcAAAANQ/VqtVkS0iZLVa7Qa1ZjQJDpH+d0C4fbsYHSkpUVp6mtLS05WZlWnqpPHJ
IiMjKzzenbqn2rm6dOqsqIjIKl87ebzZ8FlSpUsM96ftNz0HAJxNOD4HAAatXL1Lx0yExdXJzSvW
vQ/+rAMHzYXP5fLyivXAo79of1qOQ+NPtW59qo4Ulzo9DwAAAM4uFi8vtYmOdmn4XBVvi0VREZHq
G9dbI88boS6dOsvfz9/+wJNYLJZK+9yTuqfK2pDgYEW3al3jfNk5thp7R9e0j1OD7bT0dNPzAMDZ
hBPQAGDQnHlblZNTqMbnBDg1z4uvzlHyzkwdO+Z4eJyWbtPUV+fouacuVlCQj8Pz5OUf0aIlO1RY
5NgpEwAAAJy9MrOylJ9fUKmtxckKCiv2dq7qsj1vi0VW6/E+y9aGVlm8qo8ivC0WRbdqrehWrbU7
dY+Stm411Ds6vGnFU8cFhYVVtr2wWCzqE9enxrlKSksVvy7BoZPYVe0jLT3N9DwAcDYhgAYAg3Jz
i/T5Vys16Y6hDvdf3p9m02+/r1Np6VGn9zPtr026+ab+6tg+3OH9/PDzWqVl5DgVhgMAAODslZae
pjat/77Yr6CwUElbk5RfkO9wX+PyXtIhIU0UHhZW7SWAURGRioqIVOK2rUramlTjnM3Cm1Xad1U6
d+xkt2d14tZEh/tSn9oGhPAZAGjBAQCmfPbVSm1OTHO49cVX361W8RHnw+dy3/+4VoVFjrXP2JFy
UN98v1p5ecUu2w8AAADOLnv2pkonXcLt7+en/elpTl2qV1JSosysLCVtTdL8hQs0c85srU2IV3ZO
1aFv+3YxGjZk6IlT1FUJDg6u8Liqk9ghwcF2+z6npacrOSXFwE9RWUhwcKU2ILuraQMCAPUJATQA
mJCbW6RH/+83Hc4ukCMZ9PwF23TUhRf+LVi8Q8XF5r8amJd/RM++MEOpe7M5/QwAAIBq2Ww25edX
bIHRLCzcpWsUFBZoz95UzV+4QIuXLVHmocrhdqOGVp07eKgiW0RUei0kOLjCqeaS0tIqTx7HxsTa
2Ueh1q6Ld+AnOK5zp84VHmceynL4JDUAnE0IoAHApKSkDE345+fasyfL9Eno/WmuDXzT0m06etTc
fOkZObrjnu+0fOVOlZS47jQ2AAAAzk6nhrmtW9d8gZ8zMrOytHjpEi1etkQFhYWVXu/ZvUelIPnU
k9G2Kk5Sh4eF271MMX5dvEN9nyUpskVEpVYiGzZtdGguADjbEEADgAOSkjJ08bgP9PHny1Vq8ETz
1u0ZpsNiI9IzbIZPVf/4c4LGXvuRlq1IIXwGAACAIae24WjU0Cp/v+ovJnSFzKwszVs4X4nbtlZ6
rX27GPXo1v3EY+spwW9V7Tei7YTmmYeyqhxnhNVqrXT6ec/eVE4/A8D/EEADgBMCA31O/l28Zm7q
dJGbW2y4HUiZuzYBAACAs5bNZlP2KWHqqZftmRUSHKxwO608SkpKlLQ1SYuXLVFJacV7T6IiIk+E
0JVOQJ+yV6vVavf08549jvVqtlgs6tGte6UWIIlJNV+aCAD1CQE0ADggNrapfv3+Fl11RQ95ehp7
K41p11SenobjasPatgmVl5exPYy7ood++Oqf6t+3tSwWT5fvBQAAAGenPadcpldVL2YzYmNi1Teu
t8aMvkA9unVXZIsIWU4KcU+WmZVVZUuOqIjIKltfnBpAR7eq+fRzSWmpw5cF9uzWo3LrjY0bVFBY
UM0IAKh/CKABwKTY2Kb68qMb1DIqRB4e5gLlZuGN1KCB60Lo8DCr6VA7PMyqt1+7Sv16tyKEBgAA
gCFpaekV2nAE+PurSUjNp4qrExIcfOJEsrfFoqiISPXs3kMjzxuh2JjYKoNom82meQvnK/uU/s49
u/eoVHty+GuxWOyetN6RkuzIj6HOHTspPCyswnPJO1OOtywBAJxAAA0AJgQF+Wryfy5R43P8ZTJ7
liQNG9rO8IlpI4YOaiMfn6pPitQkKNBHjz86WhEtXBuIAwAA4OxUUFig/fsrXkYYGeFYG47qxnlb
LGrfLkbDBg+t8oR1SUmJ4tclVGrHcbLMQ1kVHoc3DavQHqMqjrTfiI2JVZvW0ZXW5uJBAKiMABoA
TLhxQh916hBu+uRzuWuvipOPt+tOHY+7sqf8fL0cGts2uomuuSpOgYE+LtsPAAAAzl6nnuyNbBHh
0GWEyTtTKp1kPlmAv796du+hYUOGVjoNbbPZquwJXZ0QO6e09+xNNdUuw2KxaGD/AWrfLqbC89k5
Nq1YtdLwPABQnxBAA4BBQUG+umviEKdOMDdvZtUlF3eTl5fzIfSF53dS65YhTu1n7OU9FN60Iaeg
AQAAYFdaepryCyqGte1jY03PY7PZNH/hAiVu21pjXaOGVo08b0SVlwwmbk2sckx+fn6Fx/bab+xP
S6vx9VPnGnneiEoXGpaUlh4/mV1SYnguAKhPCKABwKDh58bIwwVB7cP3Dld0qxCnQt/wMKsevPc8
BQR4O7WXoEAfDR7YRn6+5tt4AAAAoP5J2ppU4XFY07BqLw80Mte8RQtqPA3tbbFoYL8BCgkOrvB8
ckpKpXYbkipcVBgSHGy3/UZmVqahvXbu2El943pXmi87x6Z5C+ZXuvgQAPA3AmgAMKhPXEs1cLD1
xsmCgnz02ktXKLRJkEOtPAIDffTy5MvUrJnVJSeXu3WNkLePY208AAAAUL/s2Zta4RS0t8Wi6FN6
IZtRfhp6d2r1fZi9LRYN6j+wUl/otfHxNbbiaBbezO76NZ1a9vfzV+eOnTRm9AWV+j1Lx1uJzF+4
wFQLDwCojwigAcCg5uGNXDZXTLum+umbm9Wje4SpFhoxbUP1/Rf/UFyvKHl5uqaXdHhYQ3m58GJE
AAAAnN1O7QXdvl2MQ72gTxa/LqHGEFqSOnfqXKEdR0FhgTZs3FChJjPz4Im/PrV1x8mno6XKFxaW
CwkOVt+4Pho1fITatI6udOq5pLRUK1av4sJBADCIxAEADAoK8pULDkCf0Czcqh+/+qdenny5QkNr
Pg0dGOijp54Yo19/uE3tY8Oc6vsMAAAAOCM5JblSL+ge3bs7PW/8ugS77Th6dOteoeXHnr2p1QbJ
DYMaVnjs7+dX4XHB/34Gfz9/hYeFKzYmViPPG6FB/QcqPCysyjnLW26kpRvvHQ0A9R3fuQYAg3Jz
i1RWJpeG0JJ08YWddfGFnbVtW4bmzN+qQ4cLlLQtXdGtm6hRIz+dO7idOnYMd9mJZwAAAMAZJSUl
2rh5k/rG9T7xXJPgEEW2iKh0OtqsJcuWamD/AWrU0Frl640aWtWzWw+tWL3yxHOJSYka1H9ghTp/
P395e1uksr+fyzyUpZDGf/eSDm4crDGjL7DbJ7p87I7kZIJnAHAAATQAnCbatWuqdu2a1vU2AAAA
ALvS0tN0MCtTTYJDTjzXuVNn2XJznLqQr6SkREuWLdWo4SNl8ao6sggPC1N069ZKTkmRJGVmZWl3
6h5FRUSe6AlttVorhM/ZOTb5+VY8AR3gX3PbkJLSUqWlpykxKYk+zwDgBL7DDQAGzZmfpLKyMvuF
Z5jFS5NVVFT95SsAAABAVeITEnTkpEv8vC0WDew3wOl+0CUlJUrcmlhjTWy72AqtODZu3qSS0tIT
4fep/Z9tNpvdwLlcQWGhNmzeqJlzZmltQjzhMwA4iQAaAAw6HkDX9S5cb/HSHSosJIAGAACAOQWF
BYpfl1DhOW+LRcOGDFVIcHA1o4xJTkmx2w86unX0icclJSXakZJ84rH1lP7Pp15AeGJcaakyD2Up
cdtWLV62RNNm/KmZc2YpOSVFJSX8jgwAruAZ1Nj6VF1vAgDOBLm5xWrevJFi2zVVgwYubgRdR2bM
2qKffl2ngoIjdb0VAAAAnIHy8vJUUlqipqF/t5Lz9PRUVESk5OGhzKxMJ+bOPT5PNawNrdq1e5eO
HTsmSRXW6ti+Q4Xezlu3bZWfv78Kiwq1OzVVySkp2py4RZsTt2hP6h5lZmWqoLDwxFwAANchgAYA
E5K2Zuiyi7vK19fb5ZcR1ra8/CP6v2emKTX1sI6djUe7AQAAUCsOHz4sb29vNT7nnArPNwkOUXh4
uIqLi5WXl2d63oLCQvn7+6uRteoLCT09PXX02LEqQ+4unTtXeLxh8ybtFisaFAAAIABJREFU2r3r
RNhcHpwDANyPABoATMjJLVJmZp7OO7edGjQ4s7sYTX1tjuYv3K7iI6V1vRUAAACc4TIOHJAtJ0dN
mzaV50m/J/v6+KpF8+aKjIiUPI6fmDZ3ythDLZo3r/ZVfz9/Je9MqfBcSHBwpZPTmxO3mFgTAOBK
BNAAYFLi1gzt25etc4fGnLGtOJ57cYa+/X6tCgppvQEAAADXyMvL0959+xQSEiJfH98Kr3lbLGoa
2lTt2rRVSEiIGlkbqUEDTx07eqzGk8jFxcVq16Ztta97WyxKy0hXcXHxief8/f0rBNAFhYVKPqk/
NACgdnnV9QYA4Ez0y+/rtXe/TVOevUSREefIw0A/jq3bM9SmdRN5err25PT2HQfUqmWIvLzsz5ue
kaOnJ/+leQu26QgnnwEAAOBiBYUFmr9wgWJjYtWmdbQsXpVjhybBIWoSHKLoVq1PPHfwlDYamVlZ
J/46v6BAAf7+1a4ZFRGpDbaNFZ/0kFT2954AAHXHo1l0JI0/AcBBHh4euuyiLrrhur7q2D68yhPR
v03bqF9+TVBJ6VF9/O618vPzduke7rjnOx3OLtT4sb00ekR7+fhU/iV/e/JBffPdav34SwKnngEA
AFBrIltEKDo6Wo0aVt3H2RXyCwo0a+7sE49DgoM1aMDAEwF05qEsLV66xG3rAwBqxgloAHBCWVmZ
fvl9vX75fb2aN7OqRbNzjp+2+J818Xt09OjfPe5Kj7r+M7+1Cak6mJmnlat36T5JPbpFyGLxPPH6
juSDOpxdoGPH+LwRAAAAtWvP3lTt2ZuqkOBgRUZEymq1ujyMDvD3l7+f/4mTzlar9UT4DACoewTQ
AOq1SXcOrfB45apd2peWrb17s03PtW+/Tfv222qsycsrUmCAt6GWHUbk5RerrKzib9fx61JdMndY
04Zq3qyRevWIkI+v5cTzb7y9wCXzAwAAoP7IzMo60VbDYrHI2rChQkKaqElIiCTJ2tBaZbuOqmTn
2BTgH1Ch3mq1ngigLZaK3zgsOVJ9j2kAgPsRQAOo1+69c1jFJ+78+y8Tk9K1JSlds+claeXqXbLZ
Cp1eb/7CbRp7eY8KJ5SdsXDxdhW7oJdzUKCPBg5oowF9Wqljh3B1aB9e7R4JoAEAAOCMkpKSE4F0
0taqa6zWvwPpgoLCSn2ce3TrXuGiQavVqrT0tCrnys6p+ZAIAMC9CKABoBrtY8PUPjZMl1/SVZKU
tDVDP/+6TnPmJSl1X3alk8dGrInfo8sv6eayAHr6X5tUVORYAB3W1Kphg9vosou7qmuXFob2lJdP
/2gAAAC4n81Wc2hcUFjxcIg7e0wDAJzToK43AAB1aeXqXXZrPDw85OHhofaxYXri0dFaMOtevf/W
eA3o17rKSwdr8usfG7Ri1S6VntQX2lHx61K1YvUulZQcNTWue9cWmvrC5Zr759167j8Xq1fPKMOB
eHLyAUe2CgAAALhUZubBCnevNGzYsO42AwCoESegAcABw4fFaviwWCVtTddnX67Uz7+tq3DZYE2m
vDJbcb0i5eXv4/D6efnFmvr6XOXmFhsec/7IDrphQl9172rstDMAAABwpgjw96/rLQAAqsEJaAD1
2r595i8bPFlsTJgmP3OJfv/xNg0cEK0GDey/rW7dlqEn/jNNhYWOX4byyhvzlLAu1VDo3b1bhL79
7Ca9PnWsevcyftq5KukHch0eCwAAALhK+YWGRtCeAwDqFiegAdRre/dlq6xM8jDXSaMCD4/j/aI/
/+A6/frHBj3/0kwdOpSvmlpE//bHBqmsTP96aLSahATIw+AG8vKLNfW1ufr+p7UqLq6593NQoI/u
uWuYrh7XU36+3jXWGpWekeOSeQAAAAB3KSmpeG+JxdtSRzsBAEicgAZQz21JSpdk/jLBqnh4eOiy
i7tq7vRJGjSgjTw9a36L/W3aRl1x9QdauHiHSo/a7+Mcn5CqcRM+0dffrbYbPvfoFqE/fp6oGyf0
dVn4LEk7UjJdNhcAAADgShbL8aDZ3gWGAIDaxQloAPXalqQ0l8/ZsKGvPvvgOr39wSK98faCGi8J
3Lffpn9M/Eox7Zrq0ou6qEvH5mof21RWq5/y8o9o67YMJSal679/rNemTfsNXV74zxv66567hiow
wPEe09XZwSWEAAAAOE01slp1MJMDEwBwuiGABlCv7d2XrX37bWrRvJHL577jlsGK6xmpu+//UZmZ
+SqroSfH1m0ZmvLybEk60Y6jpvqqBAX6aMqzl+q8YTFuuWQw40CO9u13rmc2AAAA4C7Z1Zx89vP1
q+WdAABORgsOAPXeytU7TYe9Rnh4SL17ttTnH1ynJiGBhvs8l5WVORQ+v/v6eA0/N9Yt4bMkrduw
T8VFjl+cCAAAALhTScnx31VLSiu2qwvw96+L7QAA/ocAGkC9t2L1brfOHxsTps8+mKDQJsZDaDMC
A3307hvj1Tuupby83Pe2vn7DXhUW1dx7GgAAAKhrVfWA9vcjhAaAukIADaDemzU3UW44AF3B8RD6
OpeH0IGBPnr/zavVu5d7w2dJWrIsWQUFR+wXAgAAAG5mL1DOzqkYQvv704YDAOoKATSAei83p0hz
5iW5PYSOadf0eAgdGuSSELo8fI7rFen28Hnp8hQdyMzTsWNu/psEAAAAGHBqoHxq243CgsL/Z+++
o+M60zvP/24loECAyDkRAAGCmQRBihJFUYFUaHWWOie32+pu22uvd8+c9Z71zLG9x8ezM7tjj9ue
dphudVutVssd1O5WFhWYRCVmAiQYQDCABIlEAASqUKhw9w+IFEnULRSAuoX0/ZwDUXXfW/c+KBRQ
bz313ue55XZeXr7tMQEAoiMBDQCSnvvNYUn2J1eX1BXqr//8E0pNnXoP2P/3rz+jxoYKuZz21Hy+
2Svbj2nwWsD28wAAAADxcLs9t0zf+29b8TxmBbSXFdAAMF1IQAOARstwDAwMJ+Vc991bpz/67hal
pEw+Cf3E727S5k01tjUcvNng0Ih27zktn5/yGwAAAJgZMjMzb7k9NDR0y+3b60AvWLDA9pgAANFN
fQkeAMwRP376Xf3R798rhyPxjQJv990nNmvfwfPatfu0QuHIhO67bm25/uCJzUrzemyK7la/+vVB
DQwmJzkPAAAA3CwzM1N5ubkqLiq+sS1a/Wef33/bbZ9k6MYq6bycXNUvqb8x3t/fL5/fF7VhIQAg
sYySmgoKegKApIyFqdr16p8oMzM5l+dduxbQI5/+H+q4PCAzzgLU6ekpeuFX31VZaXZSEuWDQyP6
wld/qBOnrlD/GQAAAEnhdrtVU12jmqpqedzuuO6z/+ABnW+/cMu2z3zyU+NW2Rvy+dRyokUdVy4r
GAxONmQAQAyU4ACAD10bGNaPnn43aYnWjIwU/f4TmydUiuM7v7tJBfkZSUk+S9Ivf31QHVf6ST4D
AAAgKSrKyvXgA9u0tG5J3Mln6cMVz7fpi2N184K0NK1b26AHH9im/Ly8CcUKAIgPCWgAuMmPnnpX
7Zf6FOeC5Cn7yhfXa9XyEjmd4/85XlJboK98cYNSU+OfiE/Flc4B/dsv9ietNjYAAADmp+tlNhrW
rNW6tQ0TSjxf1z8wMGZbd3d33Pf3uN26+85NqqmuVl5u7i1fAICpoQQHANxm2/31+v7ffSGupHAi
7DtwXt/89k805Ivd5O+f/v6Lun/LErlcyYnrP/7lC/r33x6m+SAAAAASIs2bNprUzctTZmamshZm
jnufvoF+XWi/oK7u7qj1mjMzM+V2udTd0zPuudPSPiq1l5eXr8ryCqV54y+/1zfQr56eHnV1d6u7
p5uSHQAQJxLQABDFT3/0O9q4YZEMIzmlLp74g2e0Y/cphS0aEq5bW6En/+kryshITUo8h4+267t/
9KyudF5LyvkAAAAwN7ndblWUl6uivCKuhPN1Pr9fLSdadO7CeRujk/Jyc7Vxw0a5XfGXxbuuq6db
58+fH1N7GgBwK2dGTuZfTHcQADDTvL/vrD77ydVJK3dRXLRQL73SpJFgOOr4n//ZI6pbXJi0xoP/
4f98Tm1tvYokqxYJAAAA5pQ0b5pWrlihDesaVVhQqNSU+BdS9A30a+eeXeq9etXGCEf5/H5d6epU
aUmpnE7nhO67IC1NJcXFqiivkNvjUf9AvyKR6AtKAGA+YwU0AFhIdimOJ/7wGe3YNXYV9LqGCj35
j8lb/fxnf/m8/v03R+QfpvQGAAAAJibNm6b6JUtUWV4x7r7dvaNlM/r7+zXyYTkLj9ut4ydakl7e
IjMzUzVV1fL5/bds97jdyszMlMvlGncF90gwqAOHDqrjcoedoQLArDPxa0wAYJ7Y/maLfvz0u/rm
1+5MysrjTz66Uu+82zam5vInPrZSHk9y/lz/8tcH9cqrx0g+AwAAYELiSTz7/H51XO7QpY5L49Zs
Trb+/n4dOHQw5j5ut1t5uXnKz8tTcVHxmPrRHrdbG9dvUGvbGR1pOmpnuAAwq7ACGgDG8f3//gU9
uHVpUpLQW7b9rdov9cv8sPRFenqKdm3/E2Vlptl+7pdfO6b/9JcvqPfqkO3nAgAAwNyyedPdysvJ
jTp2vv2CTp9pjdpEcDarKCtXZWVl1O+7b6Bfe/a+TaNCAJCUnOvKAWAW+9P/9Bs1H++4kRS2071b
6uR2f/Sn+b576uR2T6wW3WScPtOlv/3eG+rr99l+LgAAAMw9u9/eY9kw0DRN+Xxzb555vv2Cdr+9
R61tZ8aMZS3M1MrlK6YhKgCYeUhAA8A4rl0b1ld/91/VdMz+JPS999Td0oH7E4+uUIrH3kaIp890
6ff/+FmdOdujSISLYgAAADA5Bw4d1PGTJ8Zsryyv0N13bVJmZuwayrON2+3WqhUrVVNVPWasb6Bf
[...]
s+/zf/X1V16pr9x8qTY3Nx/4da9du1Yfff7D9ewzz9ajjz5a33P1arVtWxsbG/W/3/lOffPVV+vF
f/7y23ptzr73Pv54/cRHPlpP/sAT9a53Xat3vvPhGg6Htba+Xv1+v/7zG9+of3n5K0fuHD2pZ556
up7/8Q/VE088Ud/77smv78Fgq/qrq/Xfb7xRL918+UR/mJTy0EMP1U+/8FP1/h96f73n+nuq1+tV
v9+vt777Vn3xxS/VN1/Nr3mRvy9VVX3wR360PvPpP6+maWbOj8bj+tgnPn6iv3Exz8MPP1wfef7D
9dyzN+rxxx6rq1evVttW3blzp9bX1+q1b71eL918+USjSqomH4r53I0btbGxWTe/drPeeHP+H5hy
uH7/VjXVq+pVTX51NDsPto9mjwEAgPNFgD4BARoAjucPf/8P6uc/9vED5//jla/XL/7KLy9gRZwV
AjQAACw3IzgAgKgrV67UCz/5wtxr//ilL3a8GgAAALokQAMAUb/0C5+o75vzN4GGw2F97gufX8CK
AAAA6IoADQDEXL9+vX71k5+ae+1f//3fzEwGAABYcgI0ABDxzFNP15/80R/X+977vrnXP/8PX+h4
RQAAAHTt0qIXAACcf8/duFE/9zM/W8PRqN597Vo9/dTT9YEf/kA9dOXK3Pvf/J8367Of+/uOVwkA
AEDXBGgA4MR+8Ikn6zd/7TeOff+f/tmnazgcBlcEAADAWWAEBwDQqX/68ov1V3/714teBgAAAB0Q
oAGAzrz2+mv1O7/3u4teBgAAAB0RoAGATrz81Zv167/9W/XWd99a9FIAAADoiBnQAMCJ3dvaqtFo
VCsrKzPn27at17/1ev3NZ/+u/uIvP7Og1QEAALAozfc/82S76EWcV227739dO/nSTj9uJ/c98sgj
XS8PADp1/fr1+tAHf6wef+zxunTpUvVX+3Xza1+t//r2txe9NM6wfv9WNdWr6lU1VVXV7DzYPpo9
BgAAzhcB+gQEaACAkxGgAQBguZkBDQAAAABAhAANAAAAAECEAA0AAAAAQIQADQAAAABAhAANAAAA
AECEAA0AAAAAQIQADQAAAABAhAANAAAAAECEAA0AAAAAQIQADQAAAABAhAANAAAAAECEAA0AAAAA
QIQADQAAAABAhAANAAAAAECEAA0AAAAAQIQADQAAAABAhAANAAAAAECEAA0AAAAAQIQAfQJNNce+
t23b4EoAAAAAAM4eAbojbQnQAAAAAMDFIkB3ZDwaL3oJAAAAAACdEqDTtqd0jMejxa4DAAAAAKBj
AnRHhsPhopcAAAAAANApAbojo5Ed0AAAAADAxSJAd2Q89iGEAAAAAMDFIkCnNJMv2yOgq20FaAAA
AADgYhGgO9BUU23bitAAAAAAwIUiQJ+m5v7n721tdbYUAAAAAIBFE6BP3WEVumogQAMAAAAAF4gA
fRKHtObDEvRoNIwtBQAAAADgrBGgu9DszYEejUaLXg0AAAAAQCcE6BNq7jNyY++evS+bm5vhFQEA
AAAAnA0CdNJeed5lDjQAAAAAcFEI0KdtTnTeu9RUW20Nh4NOlwQAAAAAsAgCdMiBBN3sndy4u9Hx
agAAAAAAuidAn1RznDnQ03c0NRwNa9y22XUBAAAAACyYAJ22r003zeTE3du3F7AYAAAAAIDuCNAJ
23Og547h2DYYDqrsggYAAAAAlpgAfRqOmsCx77adXdC37YIGAAAAAJaYAH1K7jsHutn9Mn2iBoNB
DUej5LIAAAAAABZGgE45YgxH0zRVTdUdu6ABAAAAgCUlQJ+Wo8ZwHAjSTTXV1Hg0qo2NjeTKAAAA
AAAWQoA+RQf2Ox/1YYTN5J97G5vVjn0gIQAAAACwXAToLs3bBd001VZbq2urC1sWAAAAAECCAH2a
msN3Qc+7d/dh01Q7Htdt86ABAAAAgCUiQHekmXkwuwt6ZxTHYGur7t3b6n5xAAAAAAABAvRpu88u
6P37oJupKt1sH9y9e6cGg0F2jQAAAAAAHRCgF2F6LMf0KI5eU9W2tb6+XqPReBErAwAAAAA4NQJ0
wnF2Qc8bxVGTCN1U1draqggNAAAAAJxrAnTn9qfpZmYUR9XkQwmrbWt1rV+j4ajb5QEAAAAAnBIB
OuXQXdDzj2cidDOJ0E1btba+ZiY0AAAAAHAuCdBJDzCKo6Z+mI7QOzOh721u5tcLAAAAAHCKBOhF
uN886Hk7oavqzt27dXv9dscLBQAAAAB4+wTotHm7oKcuHpgHvf2cqSfvRuitwVb1+/0aj304IQAA
AABw9gnQXXigedCHR+heNTUej6u/ulp3794NLhgAAAAA4OQE6A4dbx701Ll9Ebp6Vb2mqaZta3Nz
s/q3+jUcDsOrBgBIag7+wTwAALA0BOiuHD6Fo+4XoZv9F3ZHcjQ1bse1trZW6+vr1bZtYtUAAAAA
AG+bAN2lw+ZBz4vQU1ugm/0XmqpmZzd0VQ0Gg7p169Z2iDYfGgAAAAA4GwTorh0jQjf7zlVtR+hD
dkP3tgv1JET3a3V1rQaDrcz6AQCSjOMAAIClcmnRC7iQmqqmbaqt9sD5apuqaicPZ85VNdVWNVXt
7oWqaiav0ds+btu2RqNhra/frqqqy5cv19WrV+vSJT/VAMBZpz4DAMCyUSUX5cgIPQnOexF670HT
bB9OX9zdFD3ZRd22VW21NRgMajAYVFXVyqWVunz5HXXlHZdrZcVPPQBwdkjPAACwnFTIRbpfhK6q
apvZCL19bnI4Zzd01e6O6MnEjp1d0ZMYPRqOajTcqM2Njck9vV6t9Hq1srJSl1ZWqreyUr3eSvWa
yTUAgDjlGQAAlpoAvWiHRejtazsRuqrmh+hm6tqc0Rw7Z6bnTu8E6XY8ruF4XMPhsO6d3n8RAMCB
j66YLs0zH7A88zkX+1+jEagBAOCcE6DPgmNE6MnDqTtmxnJM7Yiu2leqayZG71yZ90GI7Zx/PQDA
g5jTm2dPNHvfvRw4FpsBAGDpCNBnxXaErqojR3JM7pk+v3fQTM2Dnhujqw4E6d3T07eJ0QDAgzg0
HjczD/fHZwAAYLkJ0GfJ7vSM4+2GrprTl9u9Kt1MXduL0fufsF979C0AAIea803EzObmZs4Pdj8D
AMCyEqDPoqNGclTND9Fzru+dbg+8sWsPPJh+AQCAEzrQlefF58OeKkoDAMAyEKDPqvuN5Ni+Prk4
G6In99fBN2ztgRP3mdEIAHBamiMeCs0AALDMBOizbGokR9URIXr3EwjnxOiZ+3YueKcHAHRk/8dR
TJ+cO7FDlAYAgGUhQJ8HxwnRU/cdFqMnz91/LwBANw6bAz17j29SAABgmQjQ58lxQ/TUvdMxeu/0
/Ofd59UAAB7YwZR8jOHPx7kOAACcGwL0efQgIXrq/l2HjN+YPStHAwBv1yEF+YiwbPQGAAAsHwH6
PHvQEL3vece+SYsGAI5ygnDcHHdnNAAAcO4I0Mtg9z3b3riNY8foB3h9AIDTZtczAAAsNwF62cyJ
0VWnHKQBAE7AjmcAALg4BOhl1kw/3D6Y06HFaQAgqdlfmoVnAAC4MAToi2bOG779u6UBAE6N2AwA
ABeaAM2EN4cAAAAAwCnrLXoBAAAAAAAsJwEaAAAAAIAIARoAAAAAgAgBGgAAAACACAEaAAAAAIAI
ARoAAAAAgAgBGgAAAACACAEaAAAAAIAIARoAAAAAgAgBGgAAAACACAEaAAAAAIAIARoAAAAAgAgB
GgAAAACACAEaAAAAAIAIARoAAAAAgAgBGgAAAACACAEaAAAAAIAIARoAAAAAgAgBGgAAAACACAEa
AAAAAIAIARoAAAAAgAgBGgAAAACACAEaAAAAAIAIARoAAAAAgAgBGgAAAACACAEaAAAAAIAIARoA
AAAAgAgBGgAAAACACAEaAAAAAIAIARoAAAAAgAgBGgAAAACACAEaAAAAAIAIARoAAAAAgAgBGgAA
AACACAEaAAAAAIAIARoAAAAAgAgBGgAAAACACAEaAAAAAIAIARoAAAAAgAgBGgAAAACACAEaAAAA
AIAIARoAAAAAgAgBGgAAAACACAEaAAAAAIAIARoAAAAAgAgBGgAAAACACAEaAAAAAIAIARoAAAAA
gAgBGgAAAACACAEaAAAAAIAIARoAAAAAgAgBGgAAAACACAEaAAAAAIAIARoAAAAAgAgBGgAAAACA
CAEaAAAAAIAIARoAAAAAgAgBGgAAAACACAEaAAAAAIAIARoAAAAAgAgBGgAAAACACAEaAAAAAIAI
ARoAAAAAgAgBGgAAAACACAEaAAAAAIAIARoAAAAAgAgBGgAAAACACAEaAAAAAIAIARoAAAAAgAgB
GgAAAACACAEaAAAAAIAIARoAAAAAgAgBGgAAAACACAEaAAAAAIAIARoAAAAAgAgBGgAAAACACAEa
AAAAAIAIARoAAAAAgAgBGgAAAACACAEaAAAAAIAIARoAAAAAgAgBGgAAAACACAEaAAAAAIAIARoA
AAAAgAgBGgAAAACACAEaAAAAAIAIARoAAAAAgAgBGgAAAACACAEaAAAAAIAIARoAAAAAgAgBGgAA
AACACAEaAAAAAIAIARoAAAAAgAgBGgAAAACACAEaAAAAAIAIARoAAAAAgAgBGgAAAACACAEaAAAA
AIAIARoAAAAAgAgBGgAAAACACAEaAAAAAIAIARoAAAAAgAgBGgAAAACACAEaAAAAAIAIARoAAAAA
gAgBGgAAAACACAEaAAAAAIAIARoAAAAAgAgBGgAAAACACAEaAAAAAIAIARoAAAAAgAgBGgAAAACA
CAEaAAAAAIAIARoAAAAAgAgBGgAAAACACAEaAAAAAIAIARoAAAAAgAgBGgAAAACACAEaAAAAAIAI
ARoAAAAAgAgBGgAAAACACAEaAAAAAIAIARoAAAAAgAgBGgAAAACACAEaAAAAAIAIARoAAAAAgAgB
GgAAAACACAEaAAAAAIAIARoAAAAAgAgBGgAAAACACAEaAAAAAIAIARoAAAAAgAgBGgAAAACACAEa
AAAAAIAIARoAAAAAgAgBGgAAAACACAEaAAAAAIAIARoAAAAAgAgBGgAAAACACAEaAAAAAIAIARoA
AAAAgAgBGgAAAACACAEaAAAAAIAIARoAAAAAgAgBGgAAAACACAEaAAAAAIAIARoAAAAAgAgBGgAA
AACACAEaAAAAAIAIARoAAAAAgAgBGgAAAACACAEaAAAAAIAIARoAAAAAgAgBGgAAAACACAEaAAAA
AIAIARoAAAAAgAgBGgAAAACACAEaAAAAAIAIARoAAAAAgAgBGgAAAACACAEaAAAAAIAIARoAAAAA
gAgBGgAAAACACAEaAAAAAIAIARoAAAAAgAgBGgAAAACACAEaAAAAAIAIARoAAAAAgAgBGgAAAACA
CAEaAAAAAIAIARoAAAAAgAgBGgAAAACACAEaAAAAAIAIARoAAAAAgAgBGgAAAACACAEaAAAAAIAI
ARoAAAAAgAgBGgAAAACACAEaAAAAAIAIARoAAAAAgAgBGgAAAACACAEaAAAAAIAIARoAAAAAgAgB
GgAAAACACAEaAAAAAIAIARoAAAAAgAgBGgAAAACACAEaAAAAAIAIARoAAAAAgAgBGgAAAACACAEa
AAAAAIAIARoAAAAAgAgBGgAAAACACAEaAAAAAIAIARoAAAAAgAgBGgAAAACACAEaAAAAAIAIARoA
AAAAgAgBGgAAAACACAEaAAAAAIAIARoAAAAAgAgBGgAAAACACAEaAAAAAIAIARoAAAAAgAgBGgAA
AACACAEaAAAAAIAIARoAAAAAgAgBGgAAAACACAEaAAAAAIAIARoAAAAAgAgBGgAAAACACAEaAAAA
AIAIARoAAAAAgAgBGgAAAACACAEaAAAAAIAIARoAAAAAgAgBGgAAAACACAEaAAAAAIAIARoAAAAA
gAgBGgAAAACACAEaAAAAAIAIARoAAAAAgAgBGgAAAACACAEaAAAAAIAIARoAAAAAgAgBGgAAAACA
CAEaAAAAAIAIARoAAAAAgAgBGgAAAACACAEaAAAAAIAIARoAAAAAgAgBGgAAAACACAEaAAAAAIAI
ARoAAAAAgAgBGgAAAACACAEaAAAAAIAIARoAAAAAgAgBGgAAAACACAEaAAAAAIAIARoAAAAAgAgB
GgAAAACACAEaAAAAAIAIARoAAAAAgAgBGgAAAACACAEaAAAAAIAIARoAAAAAgAgBGgAAAACACAEa
AAAAAIAIARoAAAAAgAgBGgAAAACACAEaAAAAAIAIARoAAAAAgAgBGgAAAACACAEaAAAAAIAIARoA
AAAAgAgBGgAAAACACAEaAAAAAIAIARoAAAAAgAgBGgAAAACACAEaAAAAAIAIARoAAAAAgAgBGgAA
AACACAEaAAAAAIAIARoAAAAAgAgBGgAAAACACAEaAAAAAIAIARoAAAAAgAgBGgAAAACACAEaAAAA
AIAIARoAAAAAgAgBGgAAAACACAEaAAAAAIAIARoAAAAAgAgBGgAAAACACAEaAAAAAIAIARoAAAAA
gAgBGgAAAACACAEaAAAAAIAIARoAAAAAgAgBGgAAAACACAEaAAAAAIAIARoAAAAAgAgBGgAAAACA
CAEaAAAAAIAIARoAAAAAgAgBGgAAAACACAEaAAAAAIAIARoAAAAAgAgBGgAAAACACAEaAAAAAIAI
ARoAAAAAgAgBGgAAAACACAEaAAAAAIAIARoAAAAAgAgBGgAAAACACAEaAAAAAIAIARoAAAAAgAgB
GgAAAACACAEaAAAAAIAIARoAAAAAgAgBGgAAAACACAEaAAAAAIAIARoAAAAAgAgBGgAAAACACAEa
AAAAAIAIARoAAAAAgAgBGgAAAACACAEaAAAAAIAIARoAAAAAgAgBGgAAAACACAEaAAAAAIAIARoA
AAAAgAgBGgAAAACACAEaAAAAAIAIARoAAAAAgAgBGgAAAACACAEaAAAAAIAIARoAAAAAgAgBGgAA
AACACAEaAAAAAIAIARoAAAAAgAgBGgAAAACACAEaAAAAAIAIARoAAAAAgAgBGgAAAACACAEaAAAA
AIAIARoAAAAAgAgBGgAAAACACAEaAAAAAIAIARoAAAAAgAgBGgAAAACACAEaAAAAAIAIARoAAAAA
gAgBGgAAAACACAEaAAAAAIAIARoAAAAAgAgBGgAAAACACAEaAAAAAIAIARoAAAAAgAgBGgAAAACA
CAEaAAAAAIAIARoAAAAAgAgBGgAAAACACAEaAAAAAIAIARoAAAAAgAgBGgAAAACACAEaAAAAAIAI
ARoAAAAAgAgBGgAAAACACAEaAAAAAIAIARoAAAAAgAgBGgAAAACACAEaAAAAAIAIARoAAAAAgAgB
GgAAAACACAEaAAAAAIAIARoAAAAAgAgBGgAAAACACAEaAAAAAIAIARoAAAAAgAgBGgAAAACACAEa
AAAAAIAIARoAAAAAgAgBGgAAAACACAEaAAAAAIAIARoAAAAAgAgBGgAAAACACAEaAAAAAIAIARoA
AAAAgAgBGgAAAACACAEaAAAAAIAIARoAAAAAgAgBGgAAAACACAEaAAAAAIAIARoAAAAAgAgBGgAA
AACACAEaAAAAAIAIARoAAAAAgAgBGgAAAACACAEaAAAAAIAIARoAAAAAgAgBGgAAAACACAEaAAAA
AIAIARoAAAAAgAgBGgAAAACACAEaAAAAAIAIARoAAAAAgAgBGgAAAACACAEaAAAAAIAIARoAAAAA
gAgBGgAAAACACAEaAAAAAIAIARoAAAAAgAgBGgAAAACACAEaAAAAAIAIARoAAAAAgAgBGgAAAACA
CAEaAAAAAIAIARoAAAAAgAgBGgAAAACACAEaAAAAAIAIARoAAAAAgAgBGgAAAACACAEaAAAAAIAI
ARoAAAAAgAgBGgAAAACACAEaAAAAAIAIARoAAAAAgAgBGgAAAACACAEaAAAAAIAIARoAAAAAgAgB
GgAAAACACAEaAAAAAIAIARoAAAAAgAgBGgAAAACACAEaAAAAAIAIARoAAAAAgAgBGgAAAACACAEa
AAAAAIAIARoAAAAAgAgBGgAAAACACAEaAAAAAIAIARoAAAAAgAgBGgAAAACACAEaAAAAAIAIARoA
AAAAgAgBGgAAAACACAEaAAAAAIAIARoAAAAAgAgBGgAAAACACAEaAAAAAIAIARoAAAAAgAgBGgAA
AACACAEaAAAAAIAIARoAAAAAgAgBGgAAAACACAEaAAAAAIAIARoAAAAAgAgBGgAAAACACAEaAAAA
AIAIARoAAAAAgAgBGgAAAACACAEaAAAAAIAIARoAAAAAgAgBGgAAAACACAEaAAAAAIAIARoAAAAA
gAgBGgAAAACACAEaAAAAAIAIARoAAAAAgAgBGgAAAACACAEaAAAAAIAIARoAAAAAgAgBGgAAAACA
CAEaAAAAAIAIARoAAAAAgAgBGgAAAACACAEaAAAAAIAIARoAAAAAgAgBGgAAAACACAEaAAAAAIAI
ARoAAAAAgAgBGgAAAACACAEaAAAAAIAIARoAAAAAgAgBGgAAAACACAEaAAAAAIAIARoAAAAAgAgB
GgAAAACACAEaAAAAAIAIARoAAAAAgAgBGgAAAACACAEaAAAAAIAIARoAAAAAgAgBGgAAAACACAEa
AAAAAIAIARoAAAAAgAgBGgAAAACACAEaAAAAAIAIARoAAAAAgAgBGgAAAACACAEaAAAAAIAIARoA
AAAAgAgBGgAAAACACAEaAAAAAIAIARoAAAAAgAgBGgAAAACACAEaAAAAAIAIARoAAAAAgAgBGgAA
AACACAEaAAAAAIAIARoAAAAAgAgBGgAAAACACAEaAAAAAIAIARoAAAAAgAgBGgAAAACACAEaAAAA
AIAIARoAAAAAgAgBGgAAAACACAEaAAAAAIAIARoAAAAAgAgBGgAAAACACAEaAAAAAIAIARoAAAAA
gAgBGgAAAACACAEaAAAAAIAIARoAAAAAgAgBGgAAAACACAEaAAAAAIAIARoAAAAAgAgBGgAAAACA
CAEaAAAAAIAIARoAAAAAgAgBGgAAAACACAEaAAAAAIAIARoAAAAAgAgBGgAAAACACAEaAAAAAIAI
ARoAAAAAgAgBGgAAAACACAEaAAAAAIAIARoAAAAAgAgBGgAAAACACAEaAAAAAIAIARoAAAAAgAgB
GgAAAACACAEaAAAAAIAIARoAAAAAgAgBGgAAAACACAEaAAAAAIAIARoAAAAAgAgBGgAAAACACAEa
AAAAAIAIARoAAAAAgAgBGgAAAACACAEaAAAAAIAIARoAAAAAgAgBGgAAAACACAEaAAAAAIAIARoA
AAAAgAgBGgAAAACACAEaAAAAAIAIARoAAAAAgAgBGgAAAACACAEaAAAAAIAIARoAAAAAgAgBGgAA
AACACAEaAAAAAIAIARoAAAAAgAgBGgAAAACACAEaAAAAAIAIARoAAAAAgAgBGgAAAACACAEaAAAA
AIAIARoAAAAAgAgBGgAAAACACAEaAAAAAIAIARoAAAAAgAgBGgAAAACACAEaAAAAAIAIARoAAAAA
gAgBGgAAAACACAEaAAAAAIAIARoAAAAAgAgBGgAAAACA/2fHjgUAAAAABvlbj2JfYbQQ0AAAAAAA
LAQ0AAAAAAALAQ0AAAAAwEJAAwAAAACwENAAAAAAACwENAAAAAAACwENAAAAAMBCQAMAAAAAsBDQ
AAAAAAAsBDQAAAAAAAsBDQAAAADAQkADAAAAALAQ0AAAAAAALAQ0AAAAAAALAQ0AAAAAwEJAAwAA
AACwENAAAAAAACwENAAAAAAACwENAAAAAMBCQAMAAAAAsBDQAAAAAAAsBDQAAAAAAAsBDQAAAADA
QkADAAAAALAQ0AAAAAAALAQ0AAAAAAALAQ0AAAAAwEJAAwAAAACwENAAAAAAACwENAAAAAAACwEN
AAAAAMBCQAMAAAAAsBDQAAAAAAAsBDQAAAAAAAsBDQAAAADAQkADAAAAALAQ0AAAAAAALAQ0AAAA
AAALAQ0AAAAAwEJAAwAAAACwENAAAAAAACwENAAAAAAACwENAAAAAMBCQAMAAAAAsBDQAAAAAAAs
BDQAAAAAAAsBDQAAAADAQkADAAAAALAQ0AAAAAAALAQ0AAAAAAALAQ0AAAAAwEJAAwAAAACwENAA
AAAAACwENAAAAAAACwENAAAAAMBCQAMAAAAAsBDQAAAAAAAsBDQAAAAAAAsBDQAAAADAQkADAAAA
ALAQ0AAAAAAALAQ0AACQFaxZAAAZN0lEQVQAAAALAQ0AAAAAwEJAAwAAAACwENAAAAAAACwENAAA
AAAACwENAAAAAMBCQAMAAAAAsBDQAAAAAAAsBDQAAAAAAAsBDQAAAADAQkADAAAAALAQ0AAAAAAA
LAQ0AAAAAAALAQ0AAAAAwEJAAwAAAACwENAAAAAAACwENAAAAAAACwENAAAAAMBCQAMAAAAAsBDQ
AAAAAAAsBDQAAAAAAAsBDQAAAADAQkADAAAAALAQ0AAAAAAALAQ0AAAAAAALAQ0AAAAAwEJAAwAA
AACwENAAAAAAACwENAAAAAAACwENAAAAAMBCQAMAAAAAsBDQAAAAAAAsBDQAAAAAAAsBDQAAAADA
QkADAAAAALAQ0AAAAAAALAQ0AAAAAAALAQ0AAAAAwEJAAwAAAACwENAAAAAAACwENAAAAAAACwEN
AAAAAMBCQAMAAAAAsBDQAAAAAAAsBDQAAAAAAAsBDQAAAADAQkADAAAAALAQ0AAAAAAALAQ0AAAA
AAALAQ0AAAAAwEJAAwAAAACwENAAAAAAACwENAAAAAAACwENAAAAAMBCQAMAAAAAsBDQAAAAAAAs
BDQAAAAAAAsBDQAAAADAQkADAAAAALAQ0AAAAAAALAQ0AAAAAAALAQ0AAAAAwEJAAwAAAACwENAA
AAAAACwENAAAAAAACwENAAAAAMBCQAMAAAAAsBDQAAAAAAAsBDQAAAAAAAsBDQAAAADAQkADAAAA
ALAQ0AAAAAAALAQ0AAAAAAALAQ0AAAAAwEJAAwAAAACwENAAAAAAACwENAAAAAAACwENAAAAAMBC
QAMAAAAAsBDQAAAAAAAsBDQAAAAAAAsBDQAAAADAQkADAAAAALAQ0AAAAAAALAQ0AAAAAAALAQ0A
AAAAwEJAAwAAAACwENAAAAAAACwENAAAAAAACwENAAAAAMBCQAMAAAAAsBDQAAAAAAAsBDQAAAAA
AAsBDQAAAADAQkADAAAAALAQ0AAAAAAALAQ0AAAAAAALAQ0AAAAAwEJAAwAAAACwENAAAAAAACwE
NAAAAAAACwENAAAAAMBCQAMAAAAAsBDQAAAAAAAsBDQAAAAAAAsBDQAAAADAQkADAAAAALAQ0AAA
AAAALAQ0AAAAAAALAQ0AAAAAwEJAAwAAAACwENAAAAAAACwENAAAAAAACwENAAAAAMBCQAMAAAAA
sBDQAAAAAAAsBDQAAAAAAAsBDQAAAADAQkADAAAAALAQ0AAAAAAALAQ0AAAAAAALAQ0AAAAAwEJA
AwAAAACwENAAAAAAACwENAAAAAAACwENAAAAAMBCQAMAAAAAsBDQAAAAAAAsBDQAAAAAAAsBDQAA
AADAQkADAAAAALAQ0AAAAAAALAQ0AAAAAAALAQ0AAAAAwEJAAwAAAACwENAAAAAAACwENAAAAAAA
CwENAAAAAMBCQAMAAAAAsBDQAAAAAAAsBDQAAAAAAAsBDQAAAADAQkADAAAAALAQ0AAAAAAALAQ0
AAAAAAALAQ0AAAAAwEJAAwAAAACwENAAAAAAACwENAAAAAAACwENAAAAAMBCQAMAAAAAsBDQAAAA
AAAsBDQAAAAAAAsBDQAAAADAQkADAAAAALAQ0AAAAAAALAQ0AAAAAAALAQ0AAAAAwEJAAwAAAACw
ENAAAAAAACwENAAAAAAACwENAAAAAMBCQAMAAAAAsBDQAAAAAAAsBDQAAAAAAAsBDQAAAADAQkAD
AAAAALAQ0AAAAAAALAQ0AAAAAAALAQ0AAAAAwEJAAwAAAACwENAAAAAAACwENAAAAAAACwENAAAA
AMBCQAMAAAAAsBDQAAAAAAAsBDQAAAAAAAsBDQAAAADAQkADAAAAALAQ0AAAAAAALAQ0AAAAAAAL
AQ0AAAAAwEJAAwAAAACwENAAAAAAACwENAAAAAAACwENAAAAAMBCQAMAAAAAsBDQAAAAAAAsBDQA
AAAAAAsBDQAAAADAQkADAAAAALAQ0AAAAAAALAQ0AAAAAAALAQ0AAAAAwEJAAwAAAACwENAAAAAA
ACwENAAAAAAACwENAAAAAMBCQAMAAAAAsBDQAAAAAAAsBDQAAAAAAAsBDQAAAADAQkADAAAAALAQ
0AAAAAAALAQ0AAAAAAALAQ0AAAAAwEJAAwAAAACwENAAAAAAACwENAAAAAAACwENAAAAAMBCQAMA
AAAAsBDQAAAAAAAsBDQAAAAAAAsBDQAAAADAQkADAAAAALAQ0AAAAAAALAQ0AAAAAAALAQ0AAAAA
wEJAAwAAAACwENAAAAAAACwENAAAAAAACwENAAAAAMBCQAMAAAAAsBDQAAAAAAAsBDQAAAAAAAsB
DQAAAADAQkADAAAAALAQ0AAAAAAALAQ0AAAAAAALAQ0AAAAAwEJAAwAAAACwENAAAAAAACwENAAA
AAAACwENAAAAAMBCQAMAAAAAsBDQAAAAAAAsBDQAAAAAAAsBDQAAAADAQkADAAAAALAQ0AAAAAAA
LAQ0AAAAAAALAQ0AAAAAwEJAAwAAAACwENAAAAAAACwENAAAAAAACwENAAAAAMBCQAMAAAAAsBDQ
AAAAAAAsBDQAAAAAAAsBDQAAAADAQkADAAAAALAQ0AAAAAAALAQ0AAAAAAALAQ0AAAAAwEJAAwAA
AACwENAAAAAAACwENAAAAAAACwENAAAAAMBCQAMAAAAAsBDQAAAAAAAsBDQAAAAAAAsBDQAAAADA
QkADAAAAALAQ0AAAAAAALAQ0AAAAAAALAQ0AAAAAwEJAAwAAAACwENAAAAAAACwENAAAAAAACwEN
AAAAAMBCQAMAAAAAsBDQAAAAAAAsBDQAAAAAAAsBDQAAAADAQkADAAAAALAQ0AAAAAAALAQ0AAAA
AAALAQ0AAAAAwEJAAwAAAACwENAAAAAAACwENAAAAAAACwENAAAAAMBCQAMAAAAAsBDQAAAAAAAs
BDQAAAAAAAsBDQAAAADAQkADAAAAALAQ0AAAAAAALAQ0AAAAAAALAQ0AAAAAwEJAAwAAAACwENAA
AAAAACwENAAAAAAACwENAAAAAMBCQAMAAAAAsBDQAAAAAAAsBDQAAAAAAAsBDQAAAADAQkADAAAA
ALAQ0AAAAAAALAQ0AAAAAAALAQ0AAAAAwEJAAwAAAACwENAAAAAAACwENAAAAAAACwENAAAAAMBC
QAMAAAAAsBDQAAAAAAAsBDQAAAAAAAsBDQAAAADAQkADAAAAALAQ0AAAAAAALAQ0AAAAAAALAQ0A
AAAAwEJAAwAAAACwENAAAAAAACwENAAAAAAACwENAAAAAMBCQAMAAAAAsBDQAAAAAAAsBDQAAAAA
AAsBDQAAAADAQkADAAAAALAQ0AAAAAAALAQ0AAAAAAALAQ0AAAAAwEJAAwAAAACwENAAAAAAACwE
NAAAAAAACwENAAAAAMBCQAMAAAAAsBDQAAAAAAAsBDQAAAAAAAsBDQAAAADAQkADAAAAALAQ0AAA
AAAALAQ0AAAAAAALAQ0AAAAAwEJAAwAAAACwENAAAAAAACwENAAAAAAACwENAAAAAMBCQAMAAAAA
sBDQAAAAAAAsBDQAAAAAAAsBDQAAAADAQkADAAAAALAQ0AAAAAAALAQ0AAAAAAALAQ0AAAAAwEJA
AwAAAACwENAAAAAAACwENAAAAAAACwENAAAAAMBCQAMAAAAAsBDQAAAAAAAsBDQAAAAAAAsBDQAA
AADAQkADAAAAALAQ0AAAAAAALAQ0AAAAAAALAQ0AAAAAwEJAAwAAAACwENAAAAAAACwENAAAAAAA
CwENAAAAAMBCQAMAAAAAsBDQAAAAAAAsBDQAAAAAAAsBDQAAAADAQkADAAAAALAQ0AAAAAAALAQ0
AAAAAAALAQ0AAAAAwEJAAwAAAACwENAAAAAAACwENAAAAAAACwENAAAAAMBCQAMAAAAAsBDQAAAA
AAAsBDQAAAAAAAsBDQAAAADAQkADAAAAALAQ0AAAAAAALAQ0AAAAAAALAQ0AAAAAwEJAAwAAAACw
ENAAAAAAACwENAAAAAAACwENAAAAAMBCQAMAAAAAsBDQAAAAAAAsBDQAAAAAAAsBDQAAAADAQkAD
AAAAALAQ0AAAAAAALAQ0AAAAAAALAQ0AAAAAwEJAAwAAAACwENAAAAAAACwENAAAAAAACwENAAAA
AMBCQAMAAAAAsBDQAAAAAAAsBDQAAAAAAAsBDQAAAADAQkADAAAAALAQ0AAAAAAALAQ0AAAAAAAL
AQ0AAAAAwEJAAwAAAACwENAAAAAAACwENAAAAAAACwENAAAAAMBCQAMAAAAAsBDQAAAAAAAsBDQA
AAAAAAsBDQAAAADAQkADAAAAALAQ0AAAAAAALAQ0AAAAAAALAQ0AAAAAwEJAAwAAAACwENAAAAAA
ACwENAAAAAAACwENAAAAAMBCQAMAAAAAsBDQAAAAAAAsBDQAAAAAAAsBDQAAAADAQkADAAAAALAQ
0AAAAAAALAQ0AAAAAAALAQ0AAAAAwEJAAwAAAACwENAAAAAAACwENAAAAAAACwENAAAAAMBCQAMA
AAAAsBDQAAAAAAAsBDQAAAAAAAsBDQAAAADAQkADAAAAALAQ0AAAAAAALAQ0AAAAAAALAQ0AAAAA
wEJAAwAAAACwENAAAAAAACwENAAAAAAACwENAAAAAMBCQAMAAAAAsBDQAAAAAAAsBDQAAAAAAAsB
DQAAAADAQkADAAAAALAQ0AAAAAAALAQ0AAAAAAALAQ0AAAAAwEJAAwAAAACwENAAAAAAACwENAAA
AAAACwENAAAAAMBCQAMAAAAAsBDQAAAAAAAsBDQAAAAAAAsBDQAAAADAQkADAAAAALAQ0AAAAAAA
LAQ0AAAAAAALAQ0AAAAAwEJAAwAAAACwENAAAAAAACwENAAAAAAACwENAAAAAMBCQAMAAAAAsBDQ
AAAAAAAsBDQAAAAAAAsBDQAAAADAQkADAAAAALAQ0AAAAAAALAQ0AAAAAAALAQ0AAAAAwEJAAwAA
AACwENAAAAAAACwENAAAAAAACwENAAAAAMBCQAMAAAAAsBDQAAAAAAAsBDQAAAAAAAsBDQAAAADA
QkADAAAAALAQ0AAAAAAALAQ0AAAAAAALAQ0AAAAAwEJAAwAAAACwENAAAAAAACwENAAAAAAACwEN
AAAAAMBCQAMAAAAAsBDQAAAAAAAsBDQAAAAAAAsBDQAAAADAQkADAAAAALAQ0AAAAAAALAQ0AAAA
AAALAQ0AAAAAwEJAAwAAAACwENAAAAAAACwENAAAAAAACwENAAAAAMBCQAMAAAAAsBDQAAAAAAAs
BDQAAAAAAAsBDQAAAADAQkADAAAAALAQ0AAAAAAALAQ0AAAAAAALAQ0AAAAAwEJAAwAAAACwENAA
AAAAACwENAAAAAAACwENAAAAAMBCQAMAAAAAsBDQAAAAAAAsBDQAAAAAAAsBDQAAAADAQkADAAAA
ALAQ0AAAAAAALAQ0AAAAAAALAQ0AAAAAwEJAAwAAAACwENAAAAAAACwENAAAAAAACwENAAAAAMBC
QAMAAAAAsBDQAAAAAAAsBDQAAAAAAAsBDQAAAADAQkADAAAAALAQ0AAAAAAALAQ0AAAAAAALAQ0A
AAAAwEJAAwAAAACwENAAAAAAACwENAAAAAAACwENAAAAAMBCQAMAAAAAsBDQAAAAAAAsBDQAAAAA
AAsBDQAAAADAQkADAAAAALAQ0AAAAAAALAQ0AAAAAAALAQ0AAAAAwEJAAwAAAACwENAAAAAAACwE
NAAAAAAACwENAAAAAMBCQAMAAAAAsBDQAAAAAAAsBDQAAAAAAAsBDQAAAADAQkADAAAAALAQ0AAA
AAAALAQ0AAAAAAALAQ0AAAAAwEJAAwAAAACwENAAAAAAACwENAAAAAAACwENAAAAAMBCQAMAAAAA
sBDQAAAAAAAsBDQAAAAAAAsBDQAAAADAQkADAAAAALAQ0AAAAAAALAQ0AAAAAAALAQ0AAAAAwEJA
AwAAAACwENAAAAAAACwENAAAAAAACwENAAAAAMBCQAMAAAAAsBDQAAAAAAAsBDQAAAAAAAsBDQAA
AADAQkADAAAAALAQ0AAAAAAALAQ0AAAAAAALAQ0AAAAAwEJAAwAAAACwENAAAAAAACwENAAAAAAA
CwENAAAAAMBCQAMAAAAAsBDQAAAAAAAsBDQAAAAAAAsBDQAAAADAQkADAAAAALAQ0AAAAAAALAQ0
AAAAAAALAQ0AAAAAwEJAAwAAAACwENAAAAAAACwENAAAAAAACwENAAAAAMBCQAMAAAAAsBDQAAAA
AAAsBDQAAAAAAAsBDQAAAADAQkADAAAAALAQ0AAAAAAALAQ0AAAAAAALAQ0AAAAAwEJAAwAAAACw
ENAAAAAAACwENAAAAAAACwENAAAAAMBCQAMAAAAAsBDQAAAAAAAsBDQAAAAAAAsBDQAAAADAQkAD
AAAAALAQ0AAAAAAALAQ0AAAAAAALAQ0AAAAAwEJAAwAAAACwENAAAAAAACwENAAAAAAACwENAAAA
AMBCQAMAAAAAsBDQAAAAAAAsBDQAAAAAAAsBDQAAAADAQkADAAAAALAQ0AAAAAAALAQ0AAAAAAAL
AQ0AAAAAwEJAAwAAAACwENAAAAAAACwENAAAAAAACwENAAAAAMBCQAMAAAAAsBDQAAAAAAAsBDQA
AAAAAAsBDQAAAADAQkADAAAAALAQ0AAAAAAALAQ0AAAAAAALAQ0AAAAAwEJAAwAAAACwENAA1M4d
m+YOg2EYleGCa6MBXHgJD5CxM4CXcOEBxF+ryh0g1V+8KFHOmeDtPngQAgAAAIgQoAEAAAAAiBCg
AQAAAACIEKABAAAAAIgQoAEAAAAAiBCgAQAAAACIEKABAAAAAIgQoAEAAAAAiBCgAQAAAACIEKAB
AAAAAIgQoAEAAAAAiBCgAQAAAACIEKABAAAAAIgQoAEAAAAAiBCgAQAAAACIEKABAAAAAIgQoAEA
AAAAiBCgAQAAAACIEKABAAAAAIgQoAEAAAAAiBCgAQAAAACIEKABAAAAAIgQoAEAAAAAiBCgAQAA
AACIEKABAAAAAIgQoAEAAAAAiBCgAQAAAACIEKABAAAAAIgQoAEAAAAAiBCgAQAAAACIEKABAAAA
AIgQoAEAAAAAiBCgAQAAAACIEKABAAAAAIgQoAEAAAAAiBCgAQAAAACIEKABAAAAAIgQoAEAAAAA
iBCgAQAAAACIEKABAAAAAIgQoAEAAAAAiBCgAQAAAACIEKABAAAAAIgQoAEAAAAAiBCgAQAAAACI
EKABAAAAAIgQoAEAAAAAiBCgAQAAAACIEKABAAAAAIgQoAEAAAAAiBCgAQAAAACIEKABAAAAAIgQ
oAEAAAAAiBCgAQAAAACIEKABAAAAAIgQoAEAAAAAiBCgAQAAAACIEKABAAAAAIgQoAEAAAAAiBCg
AQAAAACIEKABAAAAAIgQoAEAAAAAiBCgAQAAAACIEKABAAAAAIgQoAEAAAAAiBCgAQAAAACIEKAB
AAAAAIgQoAEAAAAAiBCgAQAAAACIEKABAAAAAIgQoAEAAAAAiBCgAQAAAACIEKABAAAAAIgQoAEA
AAAAiBCgAQAAAACIEKABAAAAAIgQoAEAAAAAiBCgAQAAAACIEKABAAAAAIgQoAEAAAAAiBCgAQAA
AACIEKABAAAAAIgQoAEAAAAAiBCgAQAAAACIEKABAAAAAIhYlmX5Gj0CAAAAAID5eAENAAAAAECE
AA0AAAAAQIQADQAAAABAhAANAAAAAECEAA0AAAAAQIQADQAAAABAhAANAAAAAECEAA0AAAAAQIQA
DQAAAABAhAANAAAAAECEAA0AAAAAQIQADQAAAABAhAANAAAAAECEAA0AAAAAQIQADQAAAABAhAAN
AAAAAECEAA0AAAAAQIQADQAAAABAhAANAAAAAECEAA0AAAAAQMS/0QMAgLzjOMq+76XWWtZ1HT0H
gD+s915aa+V5nnLf9+g5AEDYsizL1+gRAEDGtm3lPM9Sax09BQC+aa2V67rK6/UaPQUACBGgAWBS
27aVj48PL54B+NF67+Xz81OEBoBJ+QMaACZ1nqf4DMCPt65rOc9z9AwAIESABoAJHcfh2w0Afo1a
azmOY/QMACBAgAaACe37PnoCALzF7QKAOQnQADAhr58B+G3cLgCYkwANABPy9zMAv43bBQBzEqAB
YEK999ETAOAtbhcAzEmABoAJtdZGTwCAt7hdADAnARoAJvQ8z+gJAPAWtwsA5iRAA8CE7vv2kgyA
X6O1Vu77Hj0DAAgQoAFgUtd1+U8TgB+v916u6xo9AwAIWZZl+Ro9AgDI2LatnOdZaq2jpwDAN621
cl1Xeb1eo6cAACECNAD8AcdxlH3fS621rOs6eg4Af1jvvbTWyvM8vt0AgD9AgAYAAAAAIMIf0AAA
AAAARAjQAAAAAABECNAAAAAAAEQI0AAAAAAARAjQAAAAAABECNAAAAAAAEQI0AAAAAAARAjQAAAA
AABECNAAAAAAAEQI0AAAAAAARAjQAAAAAABECNAAAAAAAEQI0AAAAAAARAjQAAAAAABECNAAAAAA
AEQI0AAAAAAARAjQAAAAAABECNAAAAAAAEQI0AAAAAAARPwHGo+ccKdTAiUAAAAASUVORK5CYII=
" width="800px"&gt;</msg>
<status status="PASS" starttime="20230416 01:25:22.960" endtime="20230416 01:25:23.489"/>
</kw>
<kw name="Close Application" library="AppiumLibrary">
<doc>Closes the current application and also close webdriver session.</doc>
<status status="PASS" starttime="20230416 01:25:23.489" endtime="20230416 01:25:23.984"/>
</kw>
<status status="PASS" starttime="20230416 01:25:16.298" endtime="20230416 01:25:23.985"/>
</test>
<status status="PASS" starttime="20230416 01:24:52.565" endtime="20230416 01:25:23.989"/>
</suite>
<statistics>
<total>
<stat pass="4" fail="0" skip="0">All Tests</stat>
</total>
<tag>
</tag>
<suite>
<stat pass="4" fail="0" skip="0" id="s1" name="Plant">Plant</stat>
</suite>
</statistics>
<errors>
</errors>
</robot>
